"E:/SAE-Quaranteam/Aftermath/Content/Materials/Extinguisher/fire_extinguisher_DefaultMaterial_BaseColor.uasset" 0
"E:/SAE-Quaranteam/Aftermath/Content/Materials/Extinguisher/fire_extinguisher_DefaultMaterial_Normal.uasset" 1
"E:/SAE-Quaranteam/Aftermath/Content/Materials/Extinguisher/fire_extinguisher_DefaultMaterial_OcclusionRoughnessMetallic.uasset" 2
"E:/SAE-Quaranteam/Aftermath/Content/Materials/Extinguisher/fire_extinguisher_DefaultMaterial_BaseColor_Mat.uasset" 3
"E:/SAE-Quaranteam/Aftermath/Content/Geometry/Fire_Extingiuisher/fire_extinguisher.uasset" 4
"E:/SAE-Quaranteam/Aftermath/Content/Geometry/fire_extinguisher.uasset" 5
"E:/SAE-Quaranteam/Aftermath/Content/fire_extinguisher.uasset" 6
"E:/SAE-Quaranteam/Aftermath/Content/StoryAdvTemplate/Mesh/Mannequin/UE4_Mannequin_Skeleton.uasset" 7
"E:/SAE-Quaranteam/Aftermath/Content/StoryAdvTemplate/Animations/ThirdPerson_HoldFlashlight.uasset" 8
"E:/SAE-Quaranteam/Aftermath/Content/StoryAdvTemplate/Animations/ThirdPerson_Flashlight_AnimMontage.uasset" 9
"E:/SAE-Quaranteam/Aftermath/Content/StoryAdvTemplate/Animations/ThirdPerson_Jump.uasset" 10
"E:/SAE-Quaranteam/Aftermath/Content/StoryAdvTemplate/Animations/ThirdPersonJump_Loop.uasset" 11
"E:/SAE-Quaranteam/Aftermath/Content/StoryAdvTemplate/Animations/ThirdPersonJump_Start.uasset" 12
"E:/SAE-Quaranteam/Aftermath/Content/StoryAdvTemplate/Animations/ThirdPersonIdle.uasset" 13
"E:/SAE-Quaranteam/Aftermath/Content/StoryAdvTemplate/Sound/Waves/Metal_Footsteps.uasset" 14
"E:/SAE-Quaranteam/Aftermath/Content/StoryAdvTemplate/Sound/Waves/Metal_Footsteps_Cue.uasset" 15
"E:/SAE-Quaranteam/Aftermath/Content/StoryAdvTemplate/Animations/ThirdPersonRun.uasset" 16
"E:/SAE-Quaranteam/Aftermath/Content/StoryAdvTemplate/Animations/ThirdPersonWalk.uasset" 17
"E:/SAE-Quaranteam/Aftermath/Content/StoryAdvTemplate/Animations/ThirdPerson_IdleRun_2D.uasset" 18
"../../../Engine/Content/EditorBlueprintResources/StandardMacros.uasset" 19
"E:/SAE-Quaranteam/Aftermath/Content/StoryAdvTemplate/Blueprints/MasterBlueprints/UseActions/BP_UseAction_Master.uasset" 20
"E:/SAE-Quaranteam/Aftermath/Content/StoryAdvTemplate/Blueprints/Data/LetterTypes_Enum.uasset" 21
"E:/SAE-Quaranteam/Aftermath/Content/StoryAdvTemplate/Blueprints/Data/Structures/BP_SimpleLetterData.uasset" 22
"E:/SAE-Quaranteam/Aftermath/Content/StoryAdvTemplate/Blueprints/Data/Structures/BP_UIFontLetterData.uasset" 23
"E:/SAE-Quaranteam/Aftermath/Content/StoryAdvTemplate/Blueprints/Data/Structures/BP_InventoryItem.uasset" 24
"E:/SAE-Quaranteam/Aftermath/Content/StoryAdvTemplate/Blueprints/Data/Structures/BP_JournalEntry.uasset" 25
"E:/SAE-Quaranteam/Aftermath/Content/StoryAdvTemplate/Blueprints/Data/Structures/BP_ClueData.uasset" 26
"E:/SAE-Quaranteam/Aftermath/Content/StoryAdvTemplate/Blueprints/Core/Save/BP_SaveGame.uasset" 27
"E:/SAE-Quaranteam/Aftermath/Content/StoryAdvTemplate/Blueprints/Core/BP_StoryAdv_MacroLibrary.uasset" 28
"E:/SAE-Quaranteam/Aftermath/Content/StoryAdvTemplate/Textures/T_Flashlight_BC.uasset" 29
"E:/SAE-Quaranteam/Aftermath/Content/StoryAdvTemplate/Materials/M_Flashlight.uasset" 30
"E:/SAE-Quaranteam/Aftermath/Content/StoryAdvTemplate/IES/IES_Flashlight.uasset" 31
"E:/SAE-Quaranteam/Aftermath/Content/StoryAdvTemplate/Mesh/SM_Flashlight.uasset" 32
"E:/SAE-Quaranteam/Aftermath/Content/StoryAdvTemplate/Blueprints/Core/BP_FlashlightInHand.uasset" 33
"E:/SAE-Quaranteam/Aftermath/Content/StoryAdvTemplate/Blueprints/Core/BP_GameInstance.uasset" 34
"E:/SAE-Quaranteam/Aftermath/Content/StoryAdvTemplate/Blueprints/Settings/BP_StoryAdv_Settings.uasset" 35
"../../../Engine/Content/Functions/Engine_MaterialFunctions02/Utility/Swizzle.uasset" 36
"E:/SAE-Quaranteam/Aftermath/Content/StoryAdvTemplate/Textures/T_Anisotrophic_M.uasset" 37
"E:/SAE-Quaranteam/Aftermath/Content/StoryAdvTemplate/Textures/T_Anisotrophic_N.uasset" 38
"E:/SAE-Quaranteam/Aftermath/Content/StoryAdvTemplate/Textures/T_DeskLamp_N.uasset" 39
"E:/SAE-Quaranteam/Aftermath/Content/StoryAdvTemplate/Materials/M_DeskLamp.uasset" 40
"E:/SAE-Quaranteam/Aftermath/Content/StoryAdvTemplate/Textures/T_FloorLamp_AO.uasset" 41
"E:/SAE-Quaranteam/Aftermath/Content/StoryAdvTemplate/Textures/T_FloorLamp_M.uasset" 42
"E:/SAE-Quaranteam/Aftermath/Content/StoryAdvTemplate/Textures/T_FloorLamp_N.uasset" 43
"E:/SAE-Quaranteam/Aftermath/Content/StoryAdvTemplate/Materials/M_FloorLamp.uasset" 44
"E:/SAE-Quaranteam/Aftermath/Content/StoryAdvTemplate/Mesh/SM_DeskLamp.uasset" 45
"E:/SAE-Quaranteam/Aftermath/Content/StoryAdvTemplate/Blueprints/Core/GameMenu/BP_FullscreenInventoryItem.uasset" 46
"E:/SAE-Quaranteam/Aftermath/Content/StoryAdvTemplate/UserInterface/Menu/UI_FullscreenInventory.uasset" 47
"E:/SAE-Quaranteam/Aftermath/Content/StoryAdvTemplate/Blueprints/Core/GameMenu/BP_FullscreenInventoryItem_Clue.uasset" 48
"E:/SAE-Quaranteam/Aftermath/Content/StoryAdvTemplate/Fonts/Font_FoxedInn-Regular.uasset" 49
"E:/SAE-Quaranteam/Aftermath/Content/StoryAdvTemplate/Fonts/FontFace_FoxedInn-Regular.uasset" 50
"E:/SAE-Quaranteam/Aftermath/Content/StoryAdvTemplate/UserInterface/UI_LetterText.uasset" 51
"E:/SAE-Quaranteam/Aftermath/Content/StoryAdvTemplate/Textures/T_Circle.uasset" 52
"E:/SAE-Quaranteam/Aftermath/Content/StoryAdvTemplate/Textures/T_Dot.uasset" 53
"E:/SAE-Quaranteam/Aftermath/Content/StoryAdvTemplate/UserInterface/UI_HUD.uasset" 54
"E:/SAE-Quaranteam/Aftermath/Content/StoryAdvTemplate/Textures/T_LetterBlank_BC.uasset" 55
"E:/SAE-Quaranteam/Aftermath/Content/StoryAdvTemplate/Materials/M_LetterBlank.uasset" 56
"../../../Engine/Content/Functions/Engine_MaterialFunctions03/Texturing/TwoSidedTexturing.uasset" 57
"E:/SAE-Quaranteam/Aftermath/Content/StoryAdvTemplate/Textures/T_Letter_BC.uasset" 58
"E:/SAE-Quaranteam/Aftermath/Content/StoryAdvTemplate/Materials/M_Letter.uasset" 59
"E:/SAE-Quaranteam/Aftermath/Content/StoryAdvTemplate/Mesh/SM_Letter.uasset" 60
"E:/SAE-Quaranteam/Aftermath/Content/StoryAdvTemplate/Blueprints/Core/GameMenu/BP_FullscreenInventoryLetter.uasset" 61
"E:/SAE-Quaranteam/Aftermath/Content/StoryAdvTemplate/Blueprints/Core/GameMenu/EMenuSection.uasset" 62
"E:/SAE-Quaranteam/Aftermath/Content/StoryAdvTemplate/UserInterface/Menu/UI_GameMenu.uasset" 63
"E:/SAE-Quaranteam/Aftermath/Content/StoryAdvTemplate/UserInterface/Menu/UI_JournalEntry.uasset" 64
"E:/SAE-Quaranteam/Aftermath/Content/StoryAdvTemplate/Textures/UserInterface/T_DPad_X.uasset" 65
"E:/SAE-Quaranteam/Aftermath/Content/StoryAdvTemplate/UserInterface/Menu/UI_Journal.uasset" 66
"E:/SAE-Quaranteam/Aftermath/Content/StoryAdvTemplate/Blueprints/Data/Structures/BP_UI_Key_Icon.uasset" 67
"E:/SAE-Quaranteam/Aftermath/Content/StoryAdvTemplate/Blueprints/Settings/BP_UserInterfaceIcons.uasset" 68
"E:/SAE-Quaranteam/Aftermath/Content/StoryAdvTemplate/Textures/UserInterface/T_AKey.uasset" 69
"E:/SAE-Quaranteam/Aftermath/Content/StoryAdvTemplate/Textures/UserInterface/T_BKey.uasset" 70
"E:/SAE-Quaranteam/Aftermath/Content/StoryAdvTemplate/Textures/UserInterface/T_DKey.uasset" 71
"E:/SAE-Quaranteam/Aftermath/Content/StoryAdvTemplate/Textures/UserInterface/T_EKey.uasset" 72
"E:/SAE-Quaranteam/Aftermath/Content/StoryAdvTemplate/Textures/UserInterface/T_EscapeKey.uasset" 73
"E:/SAE-Quaranteam/Aftermath/Content/StoryAdvTemplate/Textures/UserInterface/T_FKey.uasset" 74
"E:/SAE-Quaranteam/Aftermath/Content/StoryAdvTemplate/Textures/UserInterface/T_GKey.uasset" 75
"E:/SAE-Quaranteam/Aftermath/Content/StoryAdvTemplate/Textures/UserInterface/T_MouseAxis.uasset" 76
"E:/SAE-Quaranteam/Aftermath/Content/StoryAdvTemplate/Textures/UserInterface/T_QKey.uasset" 77
"E:/SAE-Quaranteam/Aftermath/Content/StoryAdvTemplate/UserInterface/Menu/UI_MenuRibbon.uasset" 78
"E:/SAE-Quaranteam/Aftermath/Content/StoryAdvTemplate/Blueprints/Core/GameMenu/BP_MenuPawn.uasset" 79
"E:/SAE-Quaranteam/Aftermath/Content/StoryAdvTemplate/Blueprints/MasterBlueprints/BP_Master_InteractableObject.uasset" 80
"E:/SAE-Quaranteam/Aftermath/Content/StoryAdvTemplate/Blueprints/MasterBlueprints/Doors/BP_Master_Door.uasset" 81
"E:/SAE-Quaranteam/Aftermath/Content/StoryAdvTemplate/Materials/M_WhiteBox.uasset" 82
"E:/SAE-Quaranteam/Aftermath/Content/StoryAdvTemplate/Mesh/SM_Door.uasset" 83
"E:/SAE-Quaranteam/Aftermath/Content/StoryAdvTemplate/Mesh/SM_DoorFrame.uasset" 84
"E:/SAE-Quaranteam/Aftermath/Content/StoryAdvTemplate/Blueprints/MasterBlueprints/Doors/BP_Master_SimpleDoor.uasset" 85
"E:/SAE-Quaranteam/Aftermath/Content/StoryAdvTemplate/Blueprints/Core/BP_StoryAdv_FunctionLibrary.uasset" 86
"E:/SAE-Quaranteam/Aftermath/Content/StoryAdvTemplate/Blueprints/MasterBlueprints/Inspection/BP_Master_CollectableObject_Clue.uasset" 87
"E:/SAE-Quaranteam/Aftermath/Content/StoryAdvTemplate/Blueprints/MasterBlueprints/Inspection/BP_Master_InspectableObject_Clue.uasset" 88
"E:/SAE-Quaranteam/Aftermath/Content/StoryAdvTemplate/Blueprints/MasterBlueprints/Trigger/BP_Master_Trigger.uasset" 89
"E:/SAE-Quaranteam/Aftermath/Content/StoryAdvTemplate/Blueprints/Data/StreamingLevels.uasset" 90
"E:/SAE-Quaranteam/Aftermath/Content/StoryAdvTemplate/Blueprints/BP_GameController.uasset" 91
"E:/SAE-Quaranteam/Aftermath/Content/StoryAdvTemplate/Animations/ThirdPerson_AnimBP.uasset" 92
"../../../Engine/Content/Functions/Engine_MaterialFunctions02/Utility/BlendAngleCorrectedNormals.uasset" 93
"../../../Engine/Content/Functions/MaterialLayerFunctions/MatLayerBlend_NormalBlend.uasset" 94
"../../../Engine/Content/Functions/MaterialLayerFunctions/MatLayerBlend_Simple.uasset" 95
"E:/SAE-Quaranteam/Aftermath/Content/StoryAdvTemplate/Textures/T_ML_Rubber_Blue_01_D.uasset" 96
"E:/SAE-Quaranteam/Aftermath/Content/StoryAdvTemplate/Textures/T_ML_Rubber_Blue_01_N.uasset" 97
"E:/SAE-Quaranteam/Aftermath/Content/StoryAdvTemplate/Materials/Mannequin/ML_GlossyBlack_Latex_UE4.uasset" 98
"E:/SAE-Quaranteam/Aftermath/Content/StoryAdvTemplate/Materials/Mannequin/ML_Plastic_Shiny_Beige.uasset" 99
"E:/SAE-Quaranteam/Aftermath/Content/StoryAdvTemplate/Materials/Mannequin/ML_Plastic_Shiny_Beige_LOGO.uasset" 100
"E:/SAE-Quaranteam/Aftermath/Content/StoryAdvTemplate/Textures/T_ML_Aluminum01.uasset" 101
"E:/SAE-Quaranteam/Aftermath/Content/StoryAdvTemplate/Textures/T_ML_Aluminum01_N.uasset" 102
"E:/SAE-Quaranteam/Aftermath/Content/StoryAdvTemplate/Materials/Mannequin/ML_SoftMetal_UE4.uasset" 103
"E:/SAE-Quaranteam/Aftermath/Content/StoryAdvTemplate/Textures/UE4_Mannequin__normals.uasset" 104
"E:/SAE-Quaranteam/Aftermath/Content/StoryAdvTemplate/Textures/UE4_Mannequin_MAT_MASKA.uasset" 105
"E:/SAE-Quaranteam/Aftermath/Content/StoryAdvTemplate/Materials/Mannequin/M_UE4Man_Body.uasset" 106
"E:/SAE-Quaranteam/Aftermath/Content/StoryAdvTemplate/Mesh/Mannequin/SK_Mannequin_PhysicsAsset.uasset" 107
"E:/SAE-Quaranteam/Aftermath/Content/StoryAdvTemplate/Mesh/Mannequin/SK_Mannequin.uasset" 108
"E:/SAE-Quaranteam/Aftermath/Content/StoryAdvTemplate/Blueprints/BP_FirstPersonCharacter.uasset" 109
"E:/SAE-Quaranteam/Aftermath/Content/Materials/m_trimsheet.uasset" 110
"E:/SAE-Quaranteam/Aftermath/Content/Textures/Metal_1_Albedo.uasset" 111
"E:/SAE-Quaranteam/Aftermath/Content/Textures/Metal_1_Metalness.uasset" 112
"E:/SAE-Quaranteam/Aftermath/Content/Textures/Metal_1_Normal.uasset" 113
"E:/SAE-Quaranteam/Aftermath/Content/Textures/Metal_1_Roughness.uasset" 114
"E:/SAE-Quaranteam/Aftermath/Content/Textures/test_metal1_Albedo.uasset" 115
"E:/SAE-Quaranteam/Aftermath/Content/Textures/test_metal2_Metalness.uasset" 116
"E:/SAE-Quaranteam/Aftermath/Content/Materials/Master_Material.uasset" 117
"E:/SAE-Quaranteam/Aftermath/Content/Materials/mi_metal_3.uasset" 118
"E:/SAE-Quaranteam/Aftermath/Content/Textures/Ceramic-Metal_Albedo.uasset" 119
"E:/SAE-Quaranteam/Aftermath/Content/Textures/Ceramic-metal_Metal.uasset" 120
"E:/SAE-Quaranteam/Aftermath/Content/Textures/Ceramic-Metal_Normal.uasset" 121
"E:/SAE-Quaranteam/Aftermath/Content/Textures/Ceramic-metal_Roughness.uasset" 122
"E:/SAE-Quaranteam/Aftermath/Content/Materials/mi_metal_color_1.uasset" 123
"E:/SAE-Quaranteam/Aftermath/Content/Textures/shiny_metal_Albedo.uasset" 124
"E:/SAE-Quaranteam/Aftermath/Content/Textures/shiny_metal_Metal.uasset" 125
"E:/SAE-Quaranteam/Aftermath/Content/Textures/shiny_metal_Normal.uasset" 126
"E:/SAE-Quaranteam/Aftermath/Content/Textures/shiny_metal_Roughness.uasset" 127
"E:/SAE-Quaranteam/Aftermath/Content/Materials/mi_shiny_metal.uasset" 128
"E:/SAE-Quaranteam/Aftermath/Content/Geometry/Ship_Kit/doorway_door1.uasset" 129
"E:/SAE-Quaranteam/Aftermath/Content/Materials/m_basic_GLASS.uasset" 130
"E:/SAE-Quaranteam/Aftermath/Content/Geometry/Ship_Kit/doorway_door2.uasset" 131
"E:/SAE-Quaranteam/Aftermath/Content/Door_Implmentaion/keycard_slideing_door.uasset" 132
"E:/SAE-Quaranteam/Aftermath/Content/Door_Implmentaion/prototype-2.uasset" 133
"E:/SAE-Quaranteam/Aftermath/Content/Door_Implmentaion/Test_doors/door.uasset" 134
"E:/SAE-Quaranteam/Aftermath/Content/Door_Implmentaion/Test_doors/interactive_door.uasset" 135
"E:/SAE-Quaranteam/Aftermath/Content/Door_Implmentaion/Test_doors/keycard_door.uasset" 136
"E:/SAE-Quaranteam/Aftermath/Content/FirstPerson/Character/Mesh/SK_Mannequin_Arms_Skeleton.uasset" 137
"E:/SAE-Quaranteam/Aftermath/Content/FirstPerson/Animations/FirstPerson_Fire.uasset" 138
"E:/SAE-Quaranteam/Aftermath/Content/FirstPerson/Animations/FirstPersonFire_Montage.uasset" 139
"E:/SAE-Quaranteam/Aftermath/Content/FirstPerson/Audio/50723__rutgermuller__footsteps-metallic-muffled.uasset" 140
"E:/SAE-Quaranteam/Aftermath/Content/FirstPerson/Audio/50723__rutgermuller__footsteps-metallic-muffled_Cue.uasset" 141
"E:/SAE-Quaranteam/Aftermath/Content/FirstPerson/Audio/FirstPersonTemplateWeaponFire02.uasset" 142
"E:/SAE-Quaranteam/Aftermath/Content/FirstPerson/Animations/FirstPerson_Idle.uasset" 143
"E:/SAE-Quaranteam/Aftermath/Content/FirstPerson/Animations/FirstPerson_JumpEnd.uasset" 144
"E:/SAE-Quaranteam/Aftermath/Content/FirstPerson/Animations/FirstPerson_JumpLoop.uasset" 145
"E:/SAE-Quaranteam/Aftermath/Content/FirstPerson/Animations/FirstPerson_JumpStart.uasset" 146
"E:/SAE-Quaranteam/Aftermath/Content/FirstPerson/Animations/FirstPerson_Run.uasset" 147
"E:/SAE-Quaranteam/Aftermath/Content/FirstPerson/Animations/FirstPerson_AnimBP.uasset" 148
"E:/SAE-Quaranteam/Aftermath/Content/FirstPerson/Character/Mesh/FirstPersonAnimBlueprint_Copy.uasset" 149
"E:/SAE-Quaranteam/Aftermath/Content/FirstPerson/Character/Materials/MaterialLayers/T_ML_Rubber_Blue_01_D.uasset" 150
"E:/SAE-Quaranteam/Aftermath/Content/FirstPerson/Character/Materials/MaterialLayers/T_ML_Rubber_Blue_01_N.uasset" 151
"E:/SAE-Quaranteam/Aftermath/Content/FirstPerson/Character/Materials/MaterialLayers/ML_GlossyBlack_Latex_UE4.uasset" 152
"E:/SAE-Quaranteam/Aftermath/Content/FirstPerson/Character/Materials/MaterialLayers/ML_Plastic_Shiny_Beige.uasset" 153
"E:/SAE-Quaranteam/Aftermath/Content/FirstPerson/Character/Textures/UE4_LOGO_CARD.uasset" 154
"E:/SAE-Quaranteam/Aftermath/Content/FirstPerson/Character/Materials/MaterialLayers/ML_Plastic_Shiny_Beige_LOGO.uasset" 155
"E:/SAE-Quaranteam/Aftermath/Content/FirstPerson/Character/Materials/MaterialLayers/T_ML_Aluminum01.uasset" 156
"E:/SAE-Quaranteam/Aftermath/Content/FirstPerson/Character/Materials/MaterialLayers/T_ML_Aluminum01_N.uasset" 157
"E:/SAE-Quaranteam/Aftermath/Content/FirstPerson/Character/Materials/MaterialLayers/ML_SoftMetal_UE4.uasset" 158
"E:/SAE-Quaranteam/Aftermath/Content/FirstPerson/Character/Textures/UE4_Mannequin__normals.uasset" 159
"E:/SAE-Quaranteam/Aftermath/Content/FirstPerson/Character/Textures/UE4_Mannequin_MAT_MASKA.uasset" 160
"E:/SAE-Quaranteam/Aftermath/Content/FirstPerson/Character/Materials/M_UE4Man_Body.uasset" 161
"E:/SAE-Quaranteam/Aftermath/Content/FirstPerson/Character/Mesh/SK_Mannequin_Arms_PhysicsAsset.uasset" 162
"E:/SAE-Quaranteam/Aftermath/Content/FirstPerson/Character/Mesh/SK_Mannequin_Arms.uasset" 163
"E:/SAE-Quaranteam/Aftermath/Content/FirstPerson/FPWeapon/Materials/MaterialLayers/ML_Plastic_Shiny_Beige_LOGO.uasset" 164
"E:/SAE-Quaranteam/Aftermath/Content/FirstPerson/FPWeapon/Materials/MaterialLayers/T_ML_FineRubber.uasset" 165
"E:/SAE-Quaranteam/Aftermath/Content/FirstPerson/FPWeapon/Materials/MaterialLayers/T_ML_Rubber_Blue_01_D.uasset" 166
"E:/SAE-Quaranteam/Aftermath/Content/FirstPerson/FPWeapon/Materials/MaterialLayers/T_ML_Rubber_Blue_01_N.uasset" 167
"E:/SAE-Quaranteam/Aftermath/Content/FirstPerson/FPWeapon/Materials/MaterialLayers/ML_GlossyBlack_Latex_UE4.uasset" 168
"E:/SAE-Quaranteam/Aftermath/Content/FirstPerson/FPWeapon/Materials/MaterialLayers/ML_Plastic_Shiny_Beige.uasset" 169
"E:/SAE-Quaranteam/Aftermath/Content/FirstPerson/FPWeapon/Materials/MaterialLayers/ML_Screen.uasset" 170
"E:/SAE-Quaranteam/Aftermath/Content/FirstPerson/FPWeapon/Materials/MaterialLayers/T_ML_Aluminum01.uasset" 171
"E:/SAE-Quaranteam/Aftermath/Content/FirstPerson/FPWeapon/Materials/MaterialLayers/T_ML_Aluminum01_N.uasset" 172
"E:/SAE-Quaranteam/Aftermath/Content/FirstPerson/FPWeapon/Materials/MaterialLayers/ML_SoftMetal_UE4.uasset" 173
"E:/SAE-Quaranteam/Aftermath/Content/FirstPerson/FPWeapon/Textures/T_FPGun_M.uasset" 174
"E:/SAE-Quaranteam/Aftermath/Content/FirstPerson/FPWeapon/Textures/T_FPGun_N.uasset" 175
"E:/SAE-Quaranteam/Aftermath/Content/FirstPerson/FPWeapon/Materials/M_FPGun.uasset" 176
"E:/SAE-Quaranteam/Aftermath/Content/FirstPerson/FPWeapon/Mesh/SK_FPGun_Skeleton.uasset" 177
"E:/SAE-Quaranteam/Aftermath/Content/FirstPerson/FPWeapon/Mesh/SK_FPGun.uasset" 178
"E:/SAE-Quaranteam/Aftermath/Content/FirstPerson/FPWeapon/Mesh/SK_FPGun_PhysicsAsset.uasset" 179
"E:/SAE-Quaranteam/Aftermath/Content/FirstPerson/Textures/FirstPersonCrosshair.uasset" 180
"E:/SAE-Quaranteam/Aftermath/Content/FirstPersonBP/FirstPersonOverview.uasset" 181
"E:/SAE-Quaranteam/Aftermath/Content/FirstPersonBP/Radio_Com_Static.uasset" 182
"E:/SAE-Quaranteam/Aftermath/Content/FirstPersonBP/Radio_Com_Static_Cue.uasset" 183
"E:/SAE-Quaranteam/Aftermath/Content/FirstPersonBP/Blueprints/FirstPersonCharacter.uasset" 184
"E:/SAE-Quaranteam/Aftermath/Content/FirstPersonBP/Blueprints/FirstPersonHUD.uasset" 185
"E:/SAE-Quaranteam/Aftermath/Content/FirstPersonBP/Blueprints/FirstPersonGameMode.uasset" 186
"E:/SAE-Quaranteam/Aftermath/Content/FirstPerson/Meshes/BaseMaterial.uasset" 187
"E:/SAE-Quaranteam/Aftermath/Content/FirstPerson/Meshes/FirstPersonProjectileMaterial.uasset" 188
"E:/SAE-Quaranteam/Aftermath/Content/FirstPerson/Meshes/FirstPersonProjectileMesh.uasset" 189
"E:/SAE-Quaranteam/Aftermath/Content/FirstPersonBP/Blueprints/FirstPersonProjectile.uasset" 190
"E:/SAE-Quaranteam/Aftermath/Content/Materials/Chair/chair_DefaultMaterial_BaseColor.uasset" 191
"E:/SAE-Quaranteam/Aftermath/Content/Materials/Chair/chair_DefaultMaterial_Normal.uasset" 192
"E:/SAE-Quaranteam/Aftermath/Content/Materials/Chair/chair_DefaultMaterial_OcclusionRoughnessMetallic.uasset" 193
"E:/SAE-Quaranteam/Aftermath/Content/Materials/Chair/chair_DefaultMaterial_BaseColor_Mat.uasset" 194
"E:/SAE-Quaranteam/Aftermath/Content/Materials/Chair/chair_DefaultMaterial_BaseColor_Mat_Inst.uasset" 195
"E:/SAE-Quaranteam/Aftermath/Content/Geometry/Assembly_chair/chair_Cube_028.uasset" 196
"E:/SAE-Quaranteam/Aftermath/Content/Geometry/chair_Cube_028.uasset" 197
"../../../Engine/Content/Functions/Engine_MaterialFunctions01/Opacity/CameraDepthFade.uasset" 198
"../../../Engine/Content/EngineMaterials/T_Default_Material_Grid_M.uasset" 199
"../../../Engine/Content/EngineMaterials/T_Default_Material_Grid_N.uasset" 200
"../../../Engine/Content/EngineMaterials/WorldGridMaterial.uasset" 201
"E:/SAE-Quaranteam/Aftermath/Content/Geometry/Circuit_box/Circuit_box_Arc_001.uasset" 202
"E:/SAE-Quaranteam/Aftermath/Content/Geometry/Circuit_box_Arc_001.uasset" 203
"E:/SAE-Quaranteam/Aftermath/Content/Geometry/Circuit_box/Circuit_box_Cube.uasset" 204
"E:/SAE-Quaranteam/Aftermath/Content/Geometry/Circuit_box_Cube.uasset" 205
"E:/SAE-Quaranteam/Aftermath/Content/Geometry/Circuit_box/Circuit_box_Cube_001.uasset" 206
"E:/SAE-Quaranteam/Aftermath/Content/Geometry/Circuit_box_Cube_001.uasset" 207
"E:/SAE-Quaranteam/Aftermath/Content/Geometry/Circuit_box/Circuit_box_Cube_002.uasset" 208
"E:/SAE-Quaranteam/Aftermath/Content/Geometry/Circuit_box_Cube_002.uasset" 209
"E:/SAE-Quaranteam/Aftermath/Content/Geometry/Circuit_box/Circuit_box_Cube_003.uasset" 210
"E:/SAE-Quaranteam/Aftermath/Content/Geometry/Circuit_box_Cube_003.uasset" 211
"E:/SAE-Quaranteam/Aftermath/Content/Geometry/Circuit_box/Circuit_box_Cube_004.uasset" 212
"E:/SAE-Quaranteam/Aftermath/Content/Geometry/Circuit_box_Cube_004.uasset" 213
"E:/SAE-Quaranteam/Aftermath/Content/Geometry/Circuit_box/Circuit_box_Cube_027.uasset" 214
"E:/SAE-Quaranteam/Aftermath/Content/Geometry/Circuit_box_Cube_027.uasset" 215
"E:/SAE-Quaranteam/Aftermath/Content/Geometry/Circuit_box/Circuit_box_Cylinder.uasset" 216
"E:/SAE-Quaranteam/Aftermath/Content/Geometry/Circuit_box_Cylinder.uasset" 217
"E:/SAE-Quaranteam/Aftermath/Content/Geometry/Lecturn/lecturn.uasset" 218
"E:/SAE-Quaranteam/Aftermath/Content/Geometry/lecturn.uasset" 219
"E:/SAE-Quaranteam/Aftermath/Content/Geometry/Lecturn/lecturn_mic.uasset" 220
"E:/SAE-Quaranteam/Aftermath/Content/Geometry/lecturn_mic.uasset" 221
"E:/SAE-Quaranteam/Aftermath/Content/Geometry/Pipes/pipe_Pipe.uasset" 222
"E:/SAE-Quaranteam/Aftermath/Content/Geometry/pipe_Pipe.uasset" 223
"E:/SAE-Quaranteam/Aftermath/Content/Geometry/Pipes/pipe_Pipe_bracket.uasset" 224
"E:/SAE-Quaranteam/Aftermath/Content/Geometry/pipe_Pipe_bracket.uasset" 225
"E:/SAE-Quaranteam/Aftermath/Content/Geometry/Pipes/pipe_Pipe_end.uasset" 226
"E:/SAE-Quaranteam/Aftermath/Content/Geometry/pipe_Pipe_end.uasset" 227
"E:/SAE-Quaranteam/Aftermath/Content/Geometry/sm_chair.uasset" 228
"E:/SAE-Quaranteam/Aftermath/Content/Textures/m_space_monster_BaseColor.uasset" 229
"E:/SAE-Quaranteam/Aftermath/Content/Textures/m_space_monster_Emissive.uasset" 230
"E:/SAE-Quaranteam/Aftermath/Content/Textures/m_space_monster_Normal.uasset" 231
"E:/SAE-Quaranteam/Aftermath/Content/Textures/m_space_monster_OcclusionRoughnessMetallic.uasset" 232
"E:/SAE-Quaranteam/Aftermath/Content/Materials/m_space_monster.uasset" 233
"E:/SAE-Quaranteam/Aftermath/Content/Geometry/space_monster_low.uasset" 234
"E:/SAE-Quaranteam/Aftermath/Content/Geometry/Meshes/CubeMaterial.uasset" 235
"E:/SAE-Quaranteam/Aftermath/Content/Geometry/Meshes/1M_Cube_Chamfer.uasset" 236
"E:/SAE-Quaranteam/Aftermath/Content/Geometry/Meshes/TemplateFloor.uasset" 237
"E:/SAE-Quaranteam/Aftermath/Content/Materials/m_basic.uasset" 238
"E:/SAE-Quaranteam/Aftermath/Content/Geometry/Ship_Kit/cockpit_chair.uasset" 239
"E:/SAE-Quaranteam/Aftermath/Content/Geometry/Ship_Kit/kit_temp_corridoor.uasset" 240
"E:/SAE-Quaranteam/Aftermath/Content/Geometry/Ship_Kit/kit_temp_corridoor02.uasset" 241
"E:/SAE-Quaranteam/Aftermath/Content/Geometry/Ship_Kit/kit_temp_tile4x4_.uasset" 242
"E:/SAE-Quaranteam/Aftermath/Content/Geometry/Ship_Kit/kit_wall_6x2_001.uasset" 243
"E:/SAE-Quaranteam/Aftermath/Content/Geometry/Ship_Kit/temp_desk.uasset" 244
"E:/SAE-Quaranteam/Aftermath/Content/Materials/Master_Material_Inst.uasset" 245
"E:/SAE-Quaranteam/Aftermath/Content/Materials/Master_Material_old.uasset" 246
"E:/SAE-Quaranteam/Aftermath/Content/Textures/hazard_sign_Albedo.uasset" 247
"E:/SAE-Quaranteam/Aftermath/Content/Textures/hazard_sign_Metalness.uasset" 248
"E:/SAE-Quaranteam/Aftermath/Content/Textures/hazard_sign_Normal.uasset" 249
"E:/SAE-Quaranteam/Aftermath/Content/Textures/hazard_sign_Roughness.uasset" 250
"E:/SAE-Quaranteam/Aftermath/Content/Materials/mi_hazard_stripes.uasset" 251
"E:/SAE-Quaranteam/Aftermath/Content/Materials/mi_metal_1.uasset" 252
"E:/SAE-Quaranteam/Aftermath/Content/Materials/mi_metal_color_5.uasset" 253
"E:/SAE-Quaranteam/Aftermath/Content/Textures/Plastic-garage-door_Albedo.uasset" 254
"E:/SAE-Quaranteam/Aftermath/Content/Textures/Plastic-garage-door_Metalness.uasset" 255
"E:/SAE-Quaranteam/Aftermath/Content/Textures/Plastic-garage-door_Normal.uasset" 256
"E:/SAE-Quaranteam/Aftermath/Content/Textures/Plastic-garage-door_Roughness.uasset" 257
"E:/SAE-Quaranteam/Aftermath/Content/Materials/mi_plastic_1.uasset" 258
"E:/SAE-Quaranteam/Aftermath/Content/Textures/tiling_holes.uasset" 259
"E:/SAE-Quaranteam/Aftermath/Content/Materials/m_circle_holes.uasset" 260
"E:/SAE-Quaranteam/Aftermath/Content/Textures/test_plane_DefaultMaterial_BaseColor.uasset" 261
"E:/SAE-Quaranteam/Aftermath/Content/Textures/test_plane_DefaultMaterial_Normal.uasset" 262
"E:/SAE-Quaranteam/Aftermath/Content/Textures/test_plane_DefaultMaterial_OcclusionRoughnessMetallic.uasset" 263
"E:/SAE-Quaranteam/Aftermath/Content/Materials/m_decals_2.uasset" 264
"E:/SAE-Quaranteam/Aftermath/Content/Textures/Metal_1_Diffuse.uasset" 265
"E:/SAE-Quaranteam/Aftermath/Content/Textures/Metal_1_Occlusion_Rough_Metal.uasset" 266
"E:/SAE-Quaranteam/Aftermath/Content/Materials/m_test_metal1.uasset" 267
"E:/SAE-Quaranteam/Aftermath/Content/Textures/test_metal2_Albedo.uasset" 268
"E:/SAE-Quaranteam/Aftermath/Content/Textures/test_metal2_AO.uasset" 269
"E:/SAE-Quaranteam/Aftermath/Content/Textures/test_metal2_Normal.uasset" 270
"E:/SAE-Quaranteam/Aftermath/Content/Textures/test_metal2_Roughness.uasset" 271
"E:/SAE-Quaranteam/Aftermath/Content/Textures/test_metal2_Specular.uasset" 272
"E:/SAE-Quaranteam/Aftermath/Content/Materials/m_test_metal2.uasset" 273
"E:/SAE-Quaranteam/Aftermath/Content/Materials/m_test_metal3.uasset" 274
"E:/SAE-Quaranteam/Aftermath/Content/Textures/trim_sheet_normal.uasset" 275
"E:/SAE-Quaranteam/Aftermath/Content/Materials/m_trim_metal.uasset" 276
"E:/SAE-Quaranteam/Aftermath/Content/Materials/Pipe/New/pipe_DefaultMaterial_BaseColor.uasset" 277
"E:/SAE-Quaranteam/Aftermath/Content/Materials/Pipe/New/pipe_DefaultMaterial_Normal.uasset" 278
"E:/SAE-Quaranteam/Aftermath/Content/Materials/Pipe/New/pipe_DefaultMaterial_OcclusionRoughnessMetallic.uasset" 279
"E:/SAE-Quaranteam/Aftermath/Content/Materials/Pipe/New/pipe_DefaultMaterial_BaseColor_Mat.uasset" 280
"E:/SAE-Quaranteam/Aftermath/Content/Materials/Pipe/New/pipe_DefaultMaterial_BaseColor_Mat_Inst.uasset" 281
"E:/SAE-Quaranteam/Aftermath/Content/StoryAdvTemplate/Animations/ThirdPersonJump_End.uasset" 282
"E:/SAE-Quaranteam/Aftermath/Content/StoryAdvTemplate/Animations/ThirdPerson_LowerFlashlight.uasset" 283
"E:/SAE-Quaranteam/Aftermath/Content/StoryAdvTemplate/Blueprints/MasterBlueprints/Furniture/BP_Master_CupboardDrawerCombo.uasset" 284
"E:/SAE-Quaranteam/Aftermath/Content/StoryAdvTemplate/Mesh/SM_Cupboard.uasset" 285
"E:/SAE-Quaranteam/Aftermath/Content/StoryAdvTemplate/Mesh/SM_CupboardDoor.uasset" 286
"E:/SAE-Quaranteam/Aftermath/Content/StoryAdvTemplate/Mesh/SM_Dresser.uasset" 287
"E:/SAE-Quaranteam/Aftermath/Content/StoryAdvTemplate/Mesh/SM_DresserDrawer.uasset" 288
"E:/SAE-Quaranteam/Aftermath/Content/StoryAdvTemplate/Sound/Waves/S_Close_Cupboard_01.uasset" 289
"E:/SAE-Quaranteam/Aftermath/Content/StoryAdvTemplate/Sound/Cues/SC_CloseCupboard.uasset" 290
"E:/SAE-Quaranteam/Aftermath/Content/StoryAdvTemplate/Sound/Waves/S_Close_Drawer_01.uasset" 291
"E:/SAE-Quaranteam/Aftermath/Content/StoryAdvTemplate/Sound/Cues/SC_CloseDrawer.uasset" 292
"E:/SAE-Quaranteam/Aftermath/Content/StoryAdvTemplate/Sound/Waves/S_Open_Cupboard_01.uasset" 293
"E:/SAE-Quaranteam/Aftermath/Content/StoryAdvTemplate/Sound/Cues/SC_OpenCupboard.uasset" 294
"E:/SAE-Quaranteam/Aftermath/Content/StoryAdvTemplate/Sound/Waves/S_Open_Drawer_01.uasset" 295
"E:/SAE-Quaranteam/Aftermath/Content/StoryAdvTemplate/Sound/Cues/SC_OpenDrawer.uasset" 296
"E:/SAE-Quaranteam/Aftermath/Content/StoryAdvTemplate/Blueprints/Examples/Furniture/BP_Example_CupboardDrawerCombo.uasset" 297
"E:/SAE-Quaranteam/Aftermath/Content/StoryAdvTemplate/DemoContent/Textures/TutorialImages/DI_Key2.uasset" 298
"E:/SAE-Quaranteam/Aftermath/Content/StoryAdvTemplate/Mesh/SM_Plane.uasset" 299
"E:/SAE-Quaranteam/Aftermath/Content/StoryAdvTemplate/Textures/T_Close.uasset" 300
"E:/SAE-Quaranteam/Aftermath/Content/StoryAdvTemplate/Textures/T_InventoryItemEmpty.uasset" 301
"E:/SAE-Quaranteam/Aftermath/Content/StoryAdvTemplate/Textures/T_MacroVariation.uasset" 302
"E:/SAE-Quaranteam/Aftermath/Content/StoryAdvTemplate/Textures/T_Wood_Walnut_D.uasset" 303
"E:/SAE-Quaranteam/Aftermath/Content/StoryAdvTemplate/Textures/T_Wood_Walnut_N.uasset" 304
"E:/SAE-Quaranteam/Aftermath/Content/StoryAdvTemplate/Textures/UserInterface/T_ArrowKey.uasset" 305
"E:/SAE-Quaranteam/Aftermath/Content/StoryAdvTemplate/Textures/UserInterface/T_Button_A.uasset" 306
"E:/SAE-Quaranteam/Aftermath/Content/StoryAdvTemplate/Textures/UserInterface/T_Button_B.uasset" 307
"E:/SAE-Quaranteam/Aftermath/Content/StoryAdvTemplate/Textures/UserInterface/T_Button_SpecialLeft.uasset" 308
"E:/SAE-Quaranteam/Aftermath/Content/StoryAdvTemplate/Textures/UserInterface/T_Button_SpecialRight.uasset" 309
"E:/SAE-Quaranteam/Aftermath/Content/StoryAdvTemplate/Textures/UserInterface/T_Button_X.uasset" 310
"E:/SAE-Quaranteam/Aftermath/Content/StoryAdvTemplate/Textures/UserInterface/T_Button_Y.uasset" 311
"E:/SAE-Quaranteam/Aftermath/Content/StoryAdvTemplate/Textures/UserInterface/T_DPad_Left.uasset" 312
"E:/SAE-Quaranteam/Aftermath/Content/StoryAdvTemplate/Textures/UserInterface/T_DPad_Right.uasset" 313
"E:/SAE-Quaranteam/Aftermath/Content/StoryAdvTemplate/Textures/UserInterface/T_LB_Button.uasset" 314
"E:/SAE-Quaranteam/Aftermath/Content/StoryAdvTemplate/Textures/UserInterface/T_LeftThumbstickAxis.uasset" 315
"E:/SAE-Quaranteam/Aftermath/Content/StoryAdvTemplate/Textures/UserInterface/T_RB_Button.uasset" 316
"E:/SAE-Quaranteam/Aftermath/Content/Textures/Ceramic-metal_Occlusion.uasset" 317
"E:/SAE-Quaranteam/Aftermath/Content/Textures/cryo_chamber_m_cushion_Height.uasset" 318
"E:/SAE-Quaranteam/Aftermath/Content/Textures/Grunge_Albedo.uasset" 319
"E:/SAE-Quaranteam/Aftermath/Content/Textures/Grunge_AO.uasset" 320
"E:/SAE-Quaranteam/Aftermath/Content/Textures/Grunge_Metalness.uasset" 321
"E:/SAE-Quaranteam/Aftermath/Content/Textures/Grunge_Normal.uasset" 322
"E:/SAE-Quaranteam/Aftermath/Content/Textures/Grunge_Roughness.uasset" 323
"E:/SAE-Quaranteam/Aftermath/Content/Textures/Plastic-garage-door_AO.uasset" 324
"E:/SAE-Quaranteam/Aftermath/Content/Textures/shiny_metal_Occlusion.uasset" 325
"E:/SAE-Quaranteam/Aftermath/Content/Textures/test_metal1_AO.uasset" 326
"E:/SAE-Quaranteam/Aftermath/Content/Textures/test_metal1_Diffuse.uasset" 327
"E:/SAE-Quaranteam/Aftermath/Content/Textures/test_metal1_Normal.uasset" 328
"E:/SAE-Quaranteam/Aftermath/Content/Textures/test_metal1_Roughness.uasset" 329
"E:/SAE-Quaranteam/Aftermath/Content/Textures/test_metal1_Specular.uasset" 330
"E:/SAE-Quaranteam/Aftermath/Content/Textures/test_plane_DefaultMaterial_Height.uasset" 331
"E:/SAE-Quaranteam/Aftermath/Content/Textures/test_plane_DefaultMaterial_Metallic.uasset" 332
"E:/SAE-Quaranteam/Aftermath/Content/Textures/test_plane_DefaultMaterial_Roughness.uasset" 333
"E:/SAE-Quaranteam/Aftermath/Content/Textures/Floor/test_plane_DefaultMaterial_BaseColor.uasset" 334
"E:/SAE-Quaranteam/Aftermath/Content/Textures/Floor/test_plane_DefaultMaterial_Height.uasset" 335
"E:/SAE-Quaranteam/Aftermath/Content/Textures/Test/TestMM_Diffuse.uasset" 336
"E:/SAE-Quaranteam/Aftermath/Content/Textures/Test/TestMM_Normal.uasset" 337
"E:/SAE-Quaranteam/Aftermath/Content/Textures/Test/Test_Occlusion_Rough_Metal.uasset" 338
"E:/SAE-Quaranteam/Aftermath/Content/Textures/Trim_Sheets/TrimmBikeLP_DefaultMaterial_Normal.uasset" 339
"E:/SAE-Quaranteam/Aftermath/Content/Textures/Trim_Sheets/TrimmBikeLP_DefaultMaterial_OcclusionRoughnessMetallic.uasset" 340
"E:/SAE-Quaranteam/Aftermath/Content/Textures/Trim_Sheets/TrimmBikeLP_l_Color_Map.uasset" 341
"E:/SAE-Quaranteam/Aftermath/Content/Textures/Trim_Sheets/TrimmLP2_Color_Map.uasset" 342
"E:/SAE-Quaranteam/Aftermath/Content/Textures/Trim_Sheets/TrimmLP3_Color_Map_.uasset" 343
"E:/SAE-Quaranteam/Aftermath/Content/Textures/Trim_Sheets/TrimmLP3_DefaultMaterial_Normal.uasset" 344
"E:/SAE-Quaranteam/Aftermath/Content/Textures/Trim_Sheets/TrimmLP3_DefaultMaterial_OcclusionRoughnessMetallic.uasset" 345
"E:/SAE-Quaranteam/Aftermath/Content/Textures/Trim_Sheets/TrimmLP4_Color_Map.uasset" 346
"E:/SAE-Quaranteam/Aftermath/Content/Textures/Trim_Sheets/TrimmLP4_DefaultMaterial_Normal.uasset" 347
"E:/SAE-Quaranteam/Aftermath/Content/Textures/Trim_Sheets/TrimmLP4_DefaultMaterial_OcclusionRoughnessMetallic.uasset" 348
"../../../Engine/Content/Animation/DefaultAnimCurveCompressionSettings.uasset" 349
"../../../Engine/Content/ArtTools/RenderToTexture/Meshes/S_1_Unit_Plane.uasset" 350
"../../../Engine/Content/EngineMaterials/DefaultMaterial.uasset" 351
"../../../Engine/Content/BasicShapes/Cone.uasset" 352
"../../../Engine/Content/BasicShapes/Cylinder.uasset" 353
"../../../Engine/Content/EditorLandscapeResources/DataLayer.uasset" 354
"../../../Engine/Content/EditorMaterials/MAT_Groups_Toggle.uasset" 355
"../../../Engine/Content/EditorMaterials/MAT_Groups_Visibility.uasset" 356
"../../../Engine/Content/EditorMaterials/PreviewShadowIndicator.uasset" 357
"../../../Engine/Content/EditorMaterials/PreviewShadowIndicatorMaterial.uasset" 358
"../../../Engine/Content/EditorMaterials/MatineeGroups/MAT_ColorTrack.uasset" 359
"../../../Engine/Content/EditorMaterials/MatineeGroups/MAT_Groups_Anim.uasset" 360
"../../../Engine/Content/EditorMaterials/MatineeGroups/MAT_Groups_AudioMaster.uasset" 361
"../../../Engine/Content/EditorMaterials/MatineeGroups/MAT_Groups_Director.uasset" 362
"../../../Engine/Content/EditorMaterials/MatineeGroups/MAT_Groups_Event.uasset" 363
"../../../Engine/Content/EditorMaterials/MatineeGroups/MAT_Groups_Fade.uasset" 364
"../../../Engine/Content/EditorMaterials/MatineeGroups/MAT_Groups_Float.uasset" 365
"../../../Engine/Content/EditorMaterials/MatineeGroups/MAT_Groups_Move.uasset" 366
"../../../Engine/Content/EditorMaterials/MatineeGroups/MAT_Groups_Slomo.uasset" 367
"../../../Engine/Content/EditorMaterials/MatineeGroups/MAT_Groups_Sound.uasset" 368
"../../../Engine/Content/EditorMaterials/MatineeGroups/MAT_Groups_Vector.uasset" 369
"../../../Engine/Content/EditorMaterials/ParticleSystems/PSysThumbnail_NoImage.uasset" 370
"../../../Engine/Content/EditorMaterials/ParticleSystems/PSysThumbnail_OOD.uasset" 371
"../../../Engine/Content/EditorMaterials/Camera/CineMat.uasset" 372
"../../../Engine/Content/EditorMaterials/Camera/MI_CineMat_Rig.uasset" 373
"../../../Engine/Content/EditorMeshes/Camera/SM_CraneRig_Arm.uasset" 374
"../../../Engine/Content/EditorMeshes/Camera/SM_CraneRig_Base.uasset" 375
"../../../Engine/Content/EditorMeshes/Camera/SM_CraneRig_Body.uasset" 376
"../../../Engine/Content/EditorMeshes/Camera/SM_CraneRig_Mount.uasset" 377
"../../../Engine/Content/EditorMeshes/Camera/SM_RailRig_Mount.uasset" 378
"../../../Engine/Content/EditorMeshes/Camera/SM_RailRig_Track.uasset" 379
"../../../Engine/Content/EditorResources/BSPVertex.uasset" 380
"../../../Engine/Content/EditorResources/EmptyActor.uasset" 381
"../../../Engine/Content/EditorResources/S_Actor.uasset" 382
"../../../Engine/Content/EditorResources/S_Note.uasset" 383
"../../../Engine/Content/EditorResources/S_Solver.uasset" 384
"../../../Engine/Content/EditorResources/S_Trigger.uasset" 385
"../../../Engine/Content/EditorResources/AudioIcons/S_AudioComponent.uasset" 386
"../../../Engine/Content/EditorResources/AudioIcons/S_AudioComponent_AutoActivate.uasset" 387
"../../../Engine/Content/EditorResources/LightIcons/S_LightError.uasset" 388
"../../../Engine/Content/EditorResources/SequenceRecorder/Countdown.uasset" 389
"../../../Engine/Content/EditorResources/SequenceRecorder/RecordingIndicator.uasset" 390
"../../../Engine/Content/EditorSounds/Notifications/CompileFailed.uasset" 391
"../../../Engine/Content/EditorSounds/Notifications/CompileFailed_Cue.uasset" 392
"../../../Engine/Content/EditorSounds/Notifications/CompileSuccess.uasset" 393
"../../../Engine/Content/EditorSounds/Notifications/CompileStart_Cue.uasset" 394
"../../../Engine/Content/EditorSounds/Notifications/CompileSuccess_Cue.uasset" 395
"../../../Engine/Content/EngineDamageTypes/DmgTypeBP_Environmental.uasset" 396
"../../../Engine/Content/EngineDebugMaterials/DebugEditorMaterial.uasset" 397
"../../../Engine/Content/EngineDebugMaterials/DebugMeshMaterial.uasset" 398
"../../../Engine/Content/EngineDebugMaterials/M_SimpleTranslucent.uasset" 399
"../../../Engine/Content/Functions/Engine_MaterialFunctions02/Utility/CameraDirectionVector.uasset" 400
"../../../Engine/Content/EngineDebugMaterials/VolumeToRender.uasset" 401
"../../../Engine/Content/EngineDebugMaterials/M_VolumeRenderSphereTracePP.uasset" 402
"../../../Engine/Content/EngineDebugMaterials/WireframeMaterial.uasset" 403
"../../../Engine/Content/EngineFonts/Faces/DroidSansFallback.uasset" 404
"../../../Engine/Content/EngineFonts/Faces/RobotoBold.uasset" 405
"../../../Engine/Content/EngineFonts/Faces/RobotoBoldItalic.uasset" 406
"../../../Engine/Content/EngineFonts/Faces/RobotoItalic.uasset" 407
"../../../Engine/Content/EngineFonts/Faces/RobotoLight.uasset" 408
"../../../Engine/Content/EngineFonts/Faces/RobotoRegular.uasset" 409
"../../../Engine/Content/EngineFonts/Roboto.uasset" 410
"../../../Engine/Content/EngineMaterials/BaseFlattenDiffuseMap.uasset" 411
"../../../Engine/Content/EngineMaterials/BaseFlattenEmissiveMap.uasset" 412
"../../../Engine/Content/EngineMaterials/BaseFlattenGrayscaleMap.uasset" 413
"../../../Engine/Content/EngineMaterials/BaseFlattenNormalMap.uasset" 414
"../../../Engine/Content/EngineMaterials/BaseFlattenMaterial.uasset" 415
"../../../Engine/Content/EngineMaterials/BlueNoise.uasset" 416
"../../../Engine/Content/EngineMaterials/DefaultBloomKernel.uasset" 417
"../../../Engine/Content/EngineMaterials/DefaultBokeh.uasset" 418
"../../../Engine/Content/EngineMaterials/DefaultDiffuse.uasset" 419
"../../../Engine/Content/EngineMaterials/DefaultDeferredDecalMaterial.uasset" 420
"../../../Engine/Content/EngineMaterials/DefaultLightFunctionMaterial.uasset" 421
"../../../Engine/Content/EngineMaterials/DefaultPhysicalMaterial.uasset" 422
"../../../Engine/Content/Functions/Engine_MaterialFunctions02/Utility/BreakOutFloat2Components.uasset" 423
"../../../Engine/Content/EngineMaterials/DefaultPostProcessMaterial.uasset" 424
"../../../Engine/Content/EngineFonts/RobotoDistanceField.uasset" 425
"../../../Engine/Content/EngineMaterials/DefaultTextMaterialOpaque.uasset" 426
"../../../Engine/Content/EngineMaterials/DefaultVirtualTextureMaterial.uasset" 427
"../../../Engine/Content/EngineMaterials/DefaultWhiteGrid.uasset" 428
"../../../Engine/Content/EngineMaterials/DefaultWhiteGrid_Low.uasset" 429
"../../../Engine/Content/EngineMaterials/EmissiveMeshMaterial.uasset" 430
"../../../Engine/Content/EngineMaterials/GizmoMaterial.uasset" 431
"../../../Engine/Content/EngineMaterials/Good64x64TilingNoiseHighFreq.uasset" 432
"../../../Engine/Content/EngineMaterials/HairDefaultMaterial.uasset" 433
"../../../Engine/Content/EngineMaterials/MiniFont.uasset" 434
"../../../Engine/Content/EngineMaterials/InvalidLightmapSettings.uasset" 435
"../../../Engine/Content/EngineMaterials/M_InvalidLightmapSettings.uasset" 436
"../../../Engine/Content/Functions/Engine_MaterialFunctions02/WorldPositionOffset/CameraOffset.uasset" 437
"../../../Engine/Content/EngineMaterials/PhAT_JointLimitMaterial.uasset" 438
"../../../Engine/Content/EngineMaterials/PreintegratedSkinBRDF.uasset" 439
"../../../Engine/Content/EngineMaterials/RemoveSurfaceMaterial.uasset" 440
"../../../Engine/Content/EngineMaterials/WeightMapPlaceholderTexture.uasset" 441
"../../../Engine/Content/EngineResources/WhiteSquareTexture.uasset" 442
"../../../Engine/Content/EngineMaterials/Widget3DPassThrough.uasset" 443
"../../../Engine/Content/EngineMaterials/Widget3DPassThrough_Masked.uasset" 444
"../../../Engine/Content/EngineMaterials/Widget3DPassThrough_Opaque.uasset" 445
"../../../Engine/Content/EngineMaterials/Widget3DPassThrough_Masked_OneSided.uasset" 446
"../../../Engine/Content/EngineMaterials/Widget3DPassThrough_Opaque_OneSided.uasset" 447
"../../../Engine/Content/EngineMaterials/Widget3DPassThrough_Translucent.uasset" 448
"../../../Engine/Content/EngineMaterials/Widget3DPassThrough_Translucent_OneSided.uasset" 449
"../../../Engine/Content/EngineMeshes/Cylinder.uasset" 450
"../../../Engine/Content/EngineMeshes/Sphere.uasset" 451
"../../../Engine/Content/EngineResources/Black.uasset" 452
"../../../Engine/Content/EngineResources/DefaultTexture.uasset" 453
"../../../Engine/Content/EngineResources/DefaultTextureCube.uasset" 454
"../../../Engine/Content/EngineResources/DefaultVolumeTexture2D.uasset" 455
"../../../Engine/Content/EngineResources/DefaultVolumeTexture.uasset" 456
"../../../Engine/Content/EngineResources/GradientTexture0.uasset" 457
"../../../Engine/Content/EngineSounds/Master.uasset" 458
"../../../Engine/Content/Functions/Engine_MaterialFunctions01/Shading/PowerToRoughness.uasset" 459
"../../../Engine/Content/Maps/Templates/Thumbnails/Default.uasset" 460
"../../../Engine/Content/Maps/Templates/Thumbnails/TimeOfDay.uasset" 461
"../../../Engine/Content/Maps/Templates/Thumbnails/VR-Basic.uasset" 462
"../../../Engine/Content/MobileResources/T_MobileControls_texture.uasset" 463
"../../../Engine/Content/MobileResources/T_MobileMenu2.uasset" 464
"../../../Engine/Content/MobileResources/HUD/AnalogHat.uasset" 465
"../../../Engine/Content/MobileResources/HUD/VirtualJoystick_Background.uasset" 466
"../../../Engine/Content/MobileResources/HUD/VirtualJoystick_Thumb.uasset" 467
"../../../Engine/Content/MobileResources/HUD/DefaultVirtualJoysticks.uasset" 468
"../../../Engine/Content/MobileResources/HUD/LeftVirtualJoystickOnly.uasset" 469
"../../../Engine/Content/MobileResources/HUD/MobileHUDButton1_off.uasset" 470
"../../../Engine/Content/MobileResources/HUD/MobileHUDButton1_on.uasset" 471
"../../../Engine/Content/MobileResources/HUD/MobileHUDButton2_off.uasset" 472
"../../../Engine/Content/MobileResources/HUD/MobileHUDButton2_on.uasset" 473
"../../../Engine/Content/MobileResources/HUD/MobileHUDButton3.uasset" 474
"../../../Engine/Content/MobileResources/HUD/MobileHUDButtonFire.uasset" 475
"../../../Engine/Content/MobileResources/HUD/MobileHUDDirectionPad.uasset" 476
"../../../Engine/Content/MobileResources/HUD/MobileHUDDirectionPad2.uasset" 477
"../../../Engine/Content/MobileResources/HUD/MobileHUDDirectionPad3.uasset" 478
"../../../Engine/Content/MobileResources/HUD/MobileHUDDirectionStick.uasset" 479
"../../../Engine/Content/MobileResources/HUD/T_Castle_ThumbstickInner.uasset" 480
"../../../Engine/Content/MobileResources/HUD/T_Castle_ThumbstickOutter.uasset" 481
"../../../Engine/Content/Tutorial/ContentIntroCurve.uasset" 482
"../../../Engine/Content/Tutorial/Basics/LevelEditorAttract.uasset" 483
"../../../Engine/Content/Tutorial/Basics/TutorialAssets/icon_tab_Levels_40x.uasset" 484
"../../../Engine/Content/Tutorial/Basics/LevelEditorOverview.uasset" 485
"../../../Engine/Content/Tutorial/BlueprintTutorials/TutorialAssets/Blueprint_64x.uasset" 486
"../../../Engine/Content/Tutorial/BlueprintTutorials/BlueprintEditorTutorial.uasset" 487
"../../../Engine/Content/Tutorial/Landscape/TutorialAssets/Landscape.uasset" 488
"../../../Engine/Content/Tutorial/Landscape/LandscapeWalkThrough.uasset" 489
"../../../Engine/Content/Tutorial/Landscape/Landscape_Manage_Mode.uasset" 490
"../../../Engine/Content/Tutorial/Landscape/Landscape_Painting_Mode.uasset" 491
"../../../Engine/Content/Tutorial/Landscape/Landscape_Sculpt_Mode.uasset" 492
"../../../Engine/Content/VREditor/LaserPointer/VR_LaserPower_01.uasset" 493
"../../../Engine/Content/VREditor/TransformGizmo/TransformGizmoMaterial.uasset" 494
"../../../Engine/Content/VREditor/TransformGizmo/TranslucentTransformGizmoMaterial.uasset" 495
"../../../Engine/Content/VREditor/TransformGizmo/BoundingBoxCorner.uasset" 496
"../../../Engine/Content/VREditor/TransformGizmo/BoundingBoxEdge.uasset" 497
"../../../Engine/Content/VREditor/TransformGizmo/PlaneTranslationHandle.uasset" 498
"../../../Engine/Content/VREditor/TransformGizmo/Main.uasset" 499
"../../../Engine/Content/VREditor/TransformGizmo/Xray.uasset" 500
"../../../Engine/Content/VREditor/TransformGizmo/SM_Sequencer_Key.uasset" 501
"../../../Engine/Content/VREditor/TransformGizmo/SM_Sequencer_Node.uasset" 502
"../../Plugins/2D/Paper2D/Content/PlaceholderTextures/DummySpriteTexture.uasset" 503
"../../Plugins/2D/Paper2D/Content/DummySprite.uasset" 504
"../../Plugins/2D/Paper2D/Content/DefaultPaperTerrainMaterial.uasset" 505
"../../Plugins/2D/Paper2D/Content/DummySpriteTexture.uasset" 506
"../../Plugins/2D/Paper2D/Content/DefaultSpriteMaterial.uasset" 507
"../../Plugins/2D/Paper2D/Content/MaskedUnlitSpriteMaterial.uasset" 508
"../../Plugins/2D/Paper2D/Content/OpaqueUnlitSpriteMaterial.uasset" 509
"../../../Engine/Content/Functions/Engine_MaterialFunctions02/Utility/BreakOutFloat4Components.uasset" 510
"../../../Engine/Content/Functions/Engine_MaterialFunctions02/Utility/MakeFloat2.uasset" 511
"../../../Engine/Content/Functions/Engine_MaterialFunctions02/Utility/MakeFloat3.uasset" 512
"../../Plugins/Runtime/Oculus/OculusVR/Content/Materials/OculusMR_ChromaKey.uasset" 513
"../../Plugins/Runtime/Oculus/OculusVR/Content/Materials/OculusMR_ChromaKey_Lit.uasset" 514
"../../Plugins/Runtime/Oculus/OculusVR/Content/Materials/OculusMR_OpaqueColoredMaterial.uasset" 515
"../../Plugins/Runtime/Oculus/OculusVR/Content/Materials/OculusMR_WhiteMaterial.uasset" 516
"../../../Engine/Content/EngineSky/C_Sky_Cloud_Color.uasset" 517
"../../../Engine/Content/EngineSky/C_Sky_Horizon_Color.uasset" 518
"../../../Engine/Content/EngineSky/C_Sky_Zenith_Color.uasset" 519
"../../../Engine/Content/EngineSky/T_Sky_Blue.uasset" 520
"../../../Engine/Content/EngineSky/T_Sky_Clouds_M.uasset" 521
"../../../Engine/Content/EngineSky/T_Sky_Stars.uasset" 522
"../../../Engine/Content/EngineSky/M_Sky_Panning_Clouds2.uasset" 523
"../../../Engine/Content/EngineSky/SM_SkySphere.uasset" 524
"../../../Engine/Content/EngineSky/BP_Sky_Sphere.uasset" 525
"E:/SAE-Quaranteam/Aftermath/Content/StoryAdvTemplate/Blueprints/BP_StoryAdventureGameMode.uasset" 526
"E:/SAE-Quaranteam/Aftermath/Content/StoryAdvTemplate/Sound/Waves/S_Close_Door_01.uasset" 527
"E:/SAE-Quaranteam/Aftermath/Content/StoryAdvTemplate/Sound/Cues/SC_CloseDoor.uasset" 528
"E:/SAE-Quaranteam/Aftermath/Content/StoryAdvTemplate/Sound/Waves/S_LockedDoor_01.uasset" 529
"E:/SAE-Quaranteam/Aftermath/Content/StoryAdvTemplate/Sound/Cues/SC_LockedDoor.uasset" 530
"E:/SAE-Quaranteam/Aftermath/Content/StoryAdvTemplate/Sound/Waves/S_Open_Door_01.uasset" 531
"E:/SAE-Quaranteam/Aftermath/Content/StoryAdvTemplate/Sound/Cues/SC_OpenDoor.uasset" 532
"E:/SAE-Quaranteam/Aftermath/Content/StoryAdvTemplate/Sound/Waves/S_Unlock_Door_01.uasset" 533
"E:/SAE-Quaranteam/Aftermath/Content/StoryAdvTemplate/Sound/Cues/SC_UnlockDoor.uasset" 534
"E:/SAE-Quaranteam/Aftermath/Content/StoryAdvTemplate/Blueprints/Examples/Doors/BP_ExampleDoor.uasset" 535
"E:/SAE-Quaranteam/Aftermath/Content/StoryAdvTemplate/Blueprints/MasterBlueprints/Doors/BP_Master_DoubleSwingDoor.uasset" 536
"E:/SAE-Quaranteam/Aftermath/Content/StoryAdvTemplate/Blueprints/Examples/Doors/BP_ExampleDoubleSwingDoor.uasset" 537
"E:/SAE-Quaranteam/Aftermath/Content/StoryAdvTemplate/Blueprints/MasterBlueprints/Inspection/BP_Master_CollectableObject_Inspect.uasset" 538
"E:/SAE-Quaranteam/Aftermath/Content/StoryAdvTemplate/Textures/T_Mug_M.uasset" 539
"E:/SAE-Quaranteam/Aftermath/Content/StoryAdvTemplate/Textures/T_Mug_N.uasset" 540
"E:/SAE-Quaranteam/Aftermath/Content/StoryAdvTemplate/Materials/M_Mug.uasset" 541
"E:/SAE-Quaranteam/Aftermath/Content/StoryAdvTemplate/Mesh/SM_Mug.uasset" 542
"E:/SAE-Quaranteam/Aftermath/Content/StoryAdvTemplate/Blueprints/Examples/Objects/BP_CollectableObject_Inspect.uasset" 543
"E:/SAE-Quaranteam/Aftermath/Content/StoryAdvTemplate/Blueprints/MasterBlueprints/Inspection/BP_Master_InspectableObject.uasset" 544
"E:/SAE-Quaranteam/Aftermath/Content/StoryAdvTemplate/Blueprints/Examples/Objects/BP_InspectableObject.uasset" 545
"E:/SAE-Quaranteam/Aftermath/Content/FirstPersonBP/Maps/FirstPersonExampleMap_BuiltData.uasset" 546
"../../../Engine/Content/Functions/Engine_MaterialFunctions03/Procedurals/ComputeFilterWidth.uasset" 547
"../../../Engine/Content/EngineMaterials/AntiAliasedTextMaterialTranslucent.uasset" 548
"E:/SAE-Quaranteam/Aftermath/Content/FirstPerson/Meshes/CubeMaterialOverride.uasset" 549
"E:/SAE-Quaranteam/Aftermath/Content/Geometry/Meshes/1M_Cube.uasset" 550
"E:/SAE-Quaranteam/Aftermath/Content/FirstPersonBP/Maps/FirstPersonExampleMap.umap" 551
"E:/SAE-Quaranteam/Aftermath/Content/Levels/mainmenu_images/button_highlight.uasset" 552
"E:/SAE-Quaranteam/Aftermath/Content/Levels/mainmenu_images/logo.uasset" 553
"E:/SAE-Quaranteam/Aftermath/Content/Levels/mainmenu_images/MenuButton.uasset" 554
"E:/SAE-Quaranteam/Aftermath/Content/Levels/Menu.uasset" 555
"E:/SAE-Quaranteam/Aftermath/Content/Levels/MainMenu.umap" 556
"E:/SAE-Quaranteam/Aftermath/Content/Geometry/space_monster_animated_Skeleton.uasset" 557
"E:/SAE-Quaranteam/Aftermath/Content/Geometry/space_monster_animated_Anim.uasset" 558
"E:/SAE-Quaranteam/Aftermath/Content/Door_Implmentaion/07_-_Default.uasset" 559
"E:/SAE-Quaranteam/Aftermath/Content/Door_Implmentaion/08_-_Default.uasset" 560
"E:/SAE-Quaranteam/Aftermath/Content/Door_Implmentaion/09_-_Default.uasset" 561
"E:/SAE-Quaranteam/Aftermath/Content/Door_Implmentaion/Material__10_Slot__6.uasset" 562
"E:/SAE-Quaranteam/Aftermath/Content/Door_Implmentaion/Keycard.uasset" 563
"E:/SAE-Quaranteam/Aftermath/Content/Door_Implmentaion/keycard_bp.uasset" 564
"E:/SAE-Quaranteam/Aftermath/Content/Door_Implmentaion/sliding_door.uasset" 565
"E:/SAE-Quaranteam/Aftermath/Content/Materials/m_decals.uasset" 566
"E:/SAE-Quaranteam/Aftermath/Content/Materials/mi_metal_color_2.uasset" 567
"E:/SAE-Quaranteam/Aftermath/Content/Geometry/Ship_Kit/kit_doorway_large_door_l.uasset" 568
"E:/SAE-Quaranteam/Aftermath/Content/Geometry/Ship_Kit/kit_doorway_large_door_r.uasset" 569
"E:/SAE-Quaranteam/Aftermath/Content/Door_Implmentaion/sliding_door_2.uasset" 570
"E:/SAE-Quaranteam/Aftermath/Content/Materials/mi_metal_color_4.uasset" 571
"E:/SAE-Quaranteam/Aftermath/Content/Materials/mi_metal_2.uasset" 572
"E:/SAE-Quaranteam/Aftermath/Content/Materials/mi_metal_4.uasset" 573
"E:/SAE-Quaranteam/Aftermath/Content/Geometry/Ship_Kit/kit_Bulkhead_lower.uasset" 574
"E:/SAE-Quaranteam/Aftermath/Content/Materials/mi_metal_color.uasset" 575
"E:/SAE-Quaranteam/Aftermath/Content/Geometry/Ship_Kit/kit_bulkhead_upper.uasset" 576
"E:/SAE-Quaranteam/Aftermath/Content/Geometry/Ship_Kit/kit_tile1x3.uasset" 577
"E:/SAE-Quaranteam/Aftermath/Content/Geometry/Ship_Kit/kit_tile3x2.uasset" 578
"E:/SAE-Quaranteam/Aftermath/Content/Geometry/Ship_Kit/Prefabs/assembly_wall.uasset" 579
"E:/SAE-Quaranteam/Aftermath/Content/Materials/m_lamp.uasset" 580
"E:/SAE-Quaranteam/Aftermath/Content/Geometry/Ship_Kit/kit_lamp_4x1.uasset" 581
"E:/SAE-Quaranteam/Aftermath/Content/Geometry/Ship_Kit/kit_tile3x6.uasset" 582
"E:/SAE-Quaranteam/Aftermath/Content/Geometry/Ship_Kit/Prefabs/Bridge_wall.uasset" 583
"E:/SAE-Quaranteam/Aftermath/Content/Geometry/Ship_Kit/kit_support.uasset" 584
"E:/SAE-Quaranteam/Aftermath/Content/Geometry/Ship_Kit/kit_support_2x8_.uasset" 585
"E:/SAE-Quaranteam/Aftermath/Content/Geometry/Ship_Kit/kit_support_base.uasset" 586
"E:/SAE-Quaranteam/Aftermath/Content/Geometry/Ship_Kit/kit_tile1x4.uasset" 587
"E:/SAE-Quaranteam/Aftermath/Content/Geometry/Ship_Kit/kit_tile4x2.uasset" 588
"E:/SAE-Quaranteam/Aftermath/Content/Geometry/Ship_Kit/Prefabs/Corridoor_ceiling.uasset" 589
"E:/SAE-Quaranteam/Aftermath/Content/Geometry/Ship_Kit/Prefabs/corridoor_floor_square.uasset" 590
"E:/SAE-Quaranteam/Aftermath/Content/Materials/mi_metal_color_3.uasset" 591
"E:/SAE-Quaranteam/Aftermath/Content/Geometry/Ship_Kit/grid_mat.uasset" 592
"E:/SAE-Quaranteam/Aftermath/Content/Geometry/Ship_Kit/kit_bulkhead_wall.uasset" 593
"E:/SAE-Quaranteam/Aftermath/Content/Materials/Pipe/Old/pipe_DefaultMaterial_BaseColor.uasset" 594
"E:/SAE-Quaranteam/Aftermath/Content/Materials/Pipe/Old/pipe_DefaultMaterial_Normal.uasset" 595
"E:/SAE-Quaranteam/Aftermath/Content/Materials/Pipe/Old/pipe_DefaultMaterial_OcclusionRoughnessMetallic.uasset" 596
"E:/SAE-Quaranteam/Aftermath/Content/Materials/Pipe/Old/pipe_DefaultMaterial_BaseColor_Mat.uasset" 597
"E:/SAE-Quaranteam/Aftermath/Content/Materials/Pipe/Old/pipe_DefaultMaterial_BaseColor_Mat_Inst.uasset" 598
"E:/SAE-Quaranteam/Aftermath/Content/Geometry/Ship_Kit/kit_pipe1.uasset" 599
"E:/SAE-Quaranteam/Aftermath/Content/Geometry/Ship_Kit/Prefabs/Cryo_walls1.uasset" 600
"E:/SAE-Quaranteam/Aftermath/Content/Textures/hazard_sign_AO.uasset" 601
"E:/SAE-Quaranteam/Aftermath/Content/Materials/m_hazard_stripes.uasset" 602
"E:/SAE-Quaranteam/Aftermath/Content/Geometry/Ship_Kit/kit_doorway.uasset" 603
"E:/SAE-Quaranteam/Aftermath/Content/Geometry/Ship_Kit/Prefabs/Doorway.uasset" 604
"E:/SAE-Quaranteam/Aftermath/Content/Geometry/Ship_Kit/Prefabs/lamp1x4.uasset" 605
"E:/SAE-Quaranteam/Aftermath/Content/Materials/mi_lamp_green.uasset" 606
"E:/SAE-Quaranteam/Aftermath/Content/Geometry/Ship_Kit/Prefabs/lamp1x4_2.uasset" 607
"E:/SAE-Quaranteam/Aftermath/Content/Materials/mi_lamp_red.uasset" 608
"E:/SAE-Quaranteam/Aftermath/Content/Geometry/Ship_Kit/Prefabs/lamp1x4_3.uasset" 609
"E:/SAE-Quaranteam/Aftermath/Content/Geometry/Ship_Kit/kit_support_2x4_.uasset" 610
"E:/SAE-Quaranteam/Aftermath/Content/Geometry/Ship_Kit/Prefabs/Support_column_x21.uasset" 611
"E:/SAE-Quaranteam/Aftermath/Content/Geometry/Ship_Kit/Prefabs/Support_column_x36.uasset" 612
"E:/SAE-Quaranteam/Aftermath/Content/Geometry/Ship_Kit/Prefabs/wall_lights.uasset" 613
"E:/SAE-Quaranteam/Aftermath/Content/Geometry/Ship_Kit/kit_tile1x1.uasset" 614
"E:/SAE-Quaranteam/Aftermath/Content/Geometry/Ship_Kit/Prefabs/wall_standard.uasset" 615
"E:/SAE-Quaranteam/Aftermath/Content/Movies/SampleVideo1.uasset" 616
"E:/SAE-Quaranteam/Aftermath/Content/Movies2/SampleVideo2.uasset" 617
"E:/SAE-Quaranteam/Aftermath/Content/Intro.uasset" 618
"E:/SAE-Quaranteam/Aftermath/Content/Monster_reveal.uasset" 619
"E:/SAE-Quaranteam/Aftermath/Content/Levels/Main_Ship_BuiltData.uasset" 620
"../../../Engine/Content/BasicShapes/BasicShapeMaterial.uasset" 621
"E:/SAE-Quaranteam/Aftermath/Content/Materials/Large_Monitor/AM_Large_Monitor_DefaultMaterial_BaseColor.uasset" 622
"E:/SAE-Quaranteam/Aftermath/Content/Materials/Large_Monitor/AM_Large_Monitor_DefaultMaterial_Normal.uasset" 623
"E:/SAE-Quaranteam/Aftermath/Content/Materials/Large_Monitor/AM_Large_Monitor_DefaultMaterial_OcclusionRoughnessMetallic.uasset" 624
"E:/SAE-Quaranteam/Aftermath/Content/Materials/Large_Monitor/Large_Monitor.uasset" 625
"E:/SAE-Quaranteam/Aftermath/Content/Textures/Marsh_Albedo.uasset" 626
"E:/SAE-Quaranteam/Aftermath/Content/Textures/Marsh_AO.uasset" 627
"E:/SAE-Quaranteam/Aftermath/Content/Textures/Marsh_Metalness.uasset" 628
"E:/SAE-Quaranteam/Aftermath/Content/Textures/Marsh_Normal.uasset" 629
"E:/SAE-Quaranteam/Aftermath/Content/Textures/Marsh_Roughness.uasset" 630
"E:/SAE-Quaranteam/Aftermath/Content/Materials/marsh.uasset" 631
"E:/SAE-Quaranteam/Aftermath/Content/Movies/MyPlayer1.uasset" 632
"E:/SAE-Quaranteam/Aftermath/Content/Movies/MyPlayer1_Video.uasset" 633
"E:/SAE-Quaranteam/Aftermath/Content/Movies/MyPlayer1_Video_Mat.uasset" 634
"E:/SAE-Quaranteam/Aftermath/Content/Movies2/MyPlayer2.uasset" 635
"E:/SAE-Quaranteam/Aftermath/Content/Movies2/MyPlayer2_Video.uasset" 636
"E:/SAE-Quaranteam/Aftermath/Content/Movies2/MyPlayer2_Video_Mat.uasset" 637
"../../../Engine/Content/Functions/Engine_MaterialFunctions01/Gradient/LinearGradient.uasset" 638
"../../../Engine/Content/Functions/Engine_MaterialFunctions01/ImageAdjustment/CheapContrast.uasset" 639
"../../../Engine/Content/Functions/Engine_MaterialFunctions02/Math/Pi.uasset" 640
"../../../Engine/Content/Functions/Engine_MaterialFunctions02/Texturing/HeightLerp.uasset" 641
"E:/SAE-Quaranteam/Aftermath/Content/Master_Materials/Sky_Textures/sunset_in_the_chalk_quarry_8k.uasset" 642
"E:/SAE-Quaranteam/Aftermath/Content/Master_Materials/Sky_Textures/T_EV_DustPanner_02.uasset" 643
"E:/SAE-Quaranteam/Aftermath/Content/Master_Materials/Sky_Master_Animated.uasset" 644
"E:/SAE-Quaranteam/Aftermath/Content/Master_Materials/Sky_Master_Animated_Inst.uasset" 645
"E:/SAE-Quaranteam/Aftermath/Content/Materials/Circuit_box/Circuit_box_DefaultMaterial_BaseColor.uasset" 646
"E:/SAE-Quaranteam/Aftermath/Content/Materials/Circuit_box/Circuit_box_DefaultMaterial_Normal.uasset" 647
"E:/SAE-Quaranteam/Aftermath/Content/Materials/Circuit_box/Circuit_box_DefaultMaterial_OcclusionRoughnessMetallic.uasset" 648
"E:/SAE-Quaranteam/Aftermath/Content/Materials/Circuit_box/Circuit_box_DefaultMaterial_BaseColor_Mat.uasset" 649
"E:/SAE-Quaranteam/Aftermath/Content/Materials/Circuit_box/Circuit_box_DefaultMaterial_BaseColor_Mat_Inst.uasset" 650
"E:/SAE-Quaranteam/Aftermath/Content/Materials/Cockpit_Chair/cockpit_chair_DefaultMaterial_BaseColor.uasset" 651
"E:/SAE-Quaranteam/Aftermath/Content/Materials/Cockpit_Chair/cockpit_chair_DefaultMaterial_Normal.uasset" 652
"E:/SAE-Quaranteam/Aftermath/Content/Materials/Cockpit_Chair/cockpit_chair_DefaultMaterial_OcclusionRoughnessMetallic.uasset" 653
"E:/SAE-Quaranteam/Aftermath/Content/Materials/Cockpit_Chair/cockpit_chair_DefaultMaterial_BaseColor_Mat.uasset" 654
"E:/SAE-Quaranteam/Aftermath/Content/Materials/Cockpit_Chair/cockpit_chair_DefaultMaterial_BaseColor_Mat_Inst.uasset" 655
"E:/SAE-Quaranteam/Aftermath/Content/Materials/Desk/desk_DefaultMaterial_BaseColor.uasset" 656
"E:/SAE-Quaranteam/Aftermath/Content/Materials/Desk/desk_DefaultMaterial_Normal.uasset" 657
"E:/SAE-Quaranteam/Aftermath/Content/Materials/Desk/desk_DefaultMaterial_OcclusionRoughnessMetallic.uasset" 658
"E:/SAE-Quaranteam/Aftermath/Content/Materials/Desk/desk_DefaultMaterial_BaseColor_Mat.uasset" 659
"E:/SAE-Quaranteam/Aftermath/Content/Materials/Desk/desk_DefaultMaterial_BaseColor_Mat_Inst.uasset" 660
"E:/SAE-Quaranteam/Aftermath/Content/Materials/Extinguisher/fire_extinguisher_DefaultMaterial_BaseColor_Mat_Inst.uasset" 661
"E:/SAE-Quaranteam/Aftermath/Content/Materials/Lecturn/lecturn_DefaultMaterial_BaseColor.uasset" 662
"E:/SAE-Quaranteam/Aftermath/Content/Materials/Lecturn/lecturn_DefaultMaterial_Normal.uasset" 663
"E:/SAE-Quaranteam/Aftermath/Content/Materials/Lecturn/lecturn_DefaultMaterial_OcclusionRoughnessMetallic.uasset" 664
"E:/SAE-Quaranteam/Aftermath/Content/Materials/Lecturn/lecturn_DefaultMaterial_BaseColor_Mat.uasset" 665
"E:/SAE-Quaranteam/Aftermath/Content/Materials/Lecturn/lecturn_DefaultMaterial_BaseColor_Mat_Inst.uasset" 666
"E:/SAE-Quaranteam/Aftermath/Content/Materials/Lecturn/lecturn_mic/lecturn_mic_DefaultMaterial_BaseColor.uasset" 667
"E:/SAE-Quaranteam/Aftermath/Content/Materials/Lecturn/lecturn_mic/lecturn_mic_DefaultMaterial_Normal.uasset" 668
"E:/SAE-Quaranteam/Aftermath/Content/Materials/Lecturn/lecturn_mic/lecturn_mic_DefaultMaterial_OcclusionRoughnessMetallic.uasset" 669
"E:/SAE-Quaranteam/Aftermath/Content/Materials/Lecturn/lecturn_mic/lecturn_mic_DefaultMaterial_BaseColor_Mat.uasset" 670
"E:/SAE-Quaranteam/Aftermath/Content/Materials/Lecturn/lecturn_mic/lecturn_mic_DefaultMaterial_BaseColor_Mat_Inst.uasset" 671
"E:/SAE-Quaranteam/Aftermath/Content/Materials/Map/map_DefaultMaterial_BaseColor.uasset" 672
"E:/SAE-Quaranteam/Aftermath/Content/Materials/Map/map_DefaultMaterial_Normal.uasset" 673
"E:/SAE-Quaranteam/Aftermath/Content/Materials/Map/map_DefaultMaterial_OcclusionRoughnessMetallic.uasset" 674
"E:/SAE-Quaranteam/Aftermath/Content/Materials/Map/map_DefaultMaterial_BaseColor_Mat.uasset" 675
"E:/SAE-Quaranteam/Aftermath/Content/Materials/Map/map_DefaultMaterial_BaseColor_Mat_Inst.uasset" 676
"E:/SAE-Quaranteam/Aftermath/Content/Materials/mi_ceiling.uasset" 677
"E:/SAE-Quaranteam/Aftermath/Content/Textures/Floor/test_plane_DefaultMaterial_Metallic.uasset" 678
"E:/SAE-Quaranteam/Aftermath/Content/Textures/Floor/test_plane_DefaultMaterial_Normal.uasset" 679
"E:/SAE-Quaranteam/Aftermath/Content/Textures/Floor/test_plane_DefaultMaterial_Roughness.uasset" 680
"E:/SAE-Quaranteam/Aftermath/Content/Materials/mi_floor.uasset" 681
"E:/SAE-Quaranteam/Aftermath/Content/Materials/Monitor/monitor_DefaultMaterial_BaseColor.uasset" 682
"E:/SAE-Quaranteam/Aftermath/Content/Materials/Monitor/monitor_DefaultMaterial_Normal.uasset" 683
"E:/SAE-Quaranteam/Aftermath/Content/Materials/Monitor/monitor_DefaultMaterial_OcclusionRoughnessMetallic.uasset" 684
"E:/SAE-Quaranteam/Aftermath/Content/Materials/Monitor/monitor_DefaultMaterial_BaseColor_Mat.uasset" 685
"E:/SAE-Quaranteam/Aftermath/Content/Materials/Monitor/monitor_DefaultMaterial_BaseColor_Mat_Inst.uasset" 686
"E:/SAE-Quaranteam/Aftermath/Content/Materials/Signs/Bridge/sign_DefaultMaterial_BaseColor.uasset" 687
"E:/SAE-Quaranteam/Aftermath/Content/Materials/Signs/Bridge/sign_DefaultMaterial_Normal.uasset" 688
"E:/SAE-Quaranteam/Aftermath/Content/Materials/Signs/Bridge/sign_DefaultMaterial_OcclusionRoughnessMetallic.uasset" 689
"E:/SAE-Quaranteam/Aftermath/Content/Materials/Signs/Bridge/sign_DefaultMaterial_BaseColor_Mat.uasset" 690
"E:/SAE-Quaranteam/Aftermath/Content/Materials/Signs/Bridge/sign_DefaultMaterial_BaseColor_Mat_Inst.uasset" 691
"E:/SAE-Quaranteam/Aftermath/Content/Materials/Signs/Briefing/sign_DefaultMaterial_BaseColor.uasset" 692
"E:/SAE-Quaranteam/Aftermath/Content/Materials/Signs/Briefing/sign_DefaultMaterial_Normal.uasset" 693
"E:/SAE-Quaranteam/Aftermath/Content/Materials/Signs/Briefing/sign_DefaultMaterial_OcclusionRoughnessMetallic.uasset" 694
"E:/SAE-Quaranteam/Aftermath/Content/Materials/Signs/Briefing/sign_DefaultMaterial_BaseColor_Mat.uasset" 695
"E:/SAE-Quaranteam/Aftermath/Content/Materials/Signs/Briefing/sign_DefaultMaterial_BaseColor_Mat_Inst.uasset" 696
"E:/SAE-Quaranteam/Aftermath/Content/Materials/Signs/Cryo_1/sign_DefaultMaterial_BaseColor.uasset" 697
"E:/SAE-Quaranteam/Aftermath/Content/Materials/Signs/Cryo_1/sign_DefaultMaterial_Normal.uasset" 698
"E:/SAE-Quaranteam/Aftermath/Content/Materials/Signs/Cryo_1/sign_DefaultMaterial_OcclusionRoughnessMetallic.uasset" 699
"E:/SAE-Quaranteam/Aftermath/Content/Materials/Signs/Cryo_1/sign_DefaultMaterial_BaseColor_Mat.uasset" 700
"E:/SAE-Quaranteam/Aftermath/Content/Materials/Signs/Cryo_1/sign_DefaultMaterial_BaseColor_Mat_Inst.uasset" 701
"E:/SAE-Quaranteam/Aftermath/Content/Materials/Signs/Cryo_2/sign_DefaultMaterial_BaseColor.uasset" 702
"E:/SAE-Quaranteam/Aftermath/Content/Materials/Signs/Cryo_2/sign_DefaultMaterial_Normal.uasset" 703
"E:/SAE-Quaranteam/Aftermath/Content/Materials/Signs/Cryo_2/sign_DefaultMaterial_OcclusionRoughnessMetallic.uasset" 704
"E:/SAE-Quaranteam/Aftermath/Content/Materials/Signs/Cryo_2/sign_DefaultMaterial_BaseColor_Mat.uasset" 705
"E:/SAE-Quaranteam/Aftermath/Content/Materials/Signs/Cryo_2/sign_DefaultMaterial_BaseColor_Mat_Inst.uasset" 706
"../../../Engine/Content/BasicShapes/Plane.uasset" 707
"../../../Engine/Content/BasicShapes/Sphere.uasset" 708
"../../../Engine/Content/EditorMeshes/EditorSphere.uasset" 709
"E:/SAE-Quaranteam/Aftermath/Content/Audio/Outside_Light_Wind_Noise.uasset" 710
"E:/SAE-Quaranteam/Aftermath/Content/Audio/Outside_Light_Wind_Noise_Cue.uasset" 711
"E:/SAE-Quaranteam/Aftermath/Content/FirstPersonBP/Alarm-Fast-High-Pitch-A1-www_fesliyanstudios_com.uasset" 712
"E:/SAE-Quaranteam/Aftermath/Content/FirstPersonBP/Alarm-Fast-High-Pitch-A1-www_fesliyanstudios_com_Cue.uasset" 713
"E:/SAE-Quaranteam/Aftermath/Content/FirstPersonBP/234316__nick121087__spaceship-ambience.uasset" 714
"E:/SAE-Quaranteam/Aftermath/Content/FirstPersonBP/ambient_sound.uasset" 715
"E:/SAE-Quaranteam/Aftermath/Content/FirstPersonBP/best_alarm.uasset" 716
"E:/SAE-Quaranteam/Aftermath/Content/FirstPersonBP/best_alarm_Cue.uasset" 717
"E:/SAE-Quaranteam/Aftermath/Content/FirstPersonBP/Compressor_Humming___Hissing.uasset" 718
"E:/SAE-Quaranteam/Aftermath/Content/FirstPersonBP/Compressor_Humming___Hissing_Cue.uasset" 719
"E:/SAE-Quaranteam/Aftermath/Content/FirstPersonBP/electric_sparks.uasset" 720
"E:/SAE-Quaranteam/Aftermath/Content/FirstPersonBP/electric_sparks_Cue.uasset" 721
"E:/SAE-Quaranteam/Aftermath/Content/Geometry/Cockpit_chair/cockpit_chair_Cube.uasset" 722
"E:/SAE-Quaranteam/Aftermath/Content/Geometry/Cockpit_chair/cockpit_chair_Cube_001.uasset" 723
"E:/SAE-Quaranteam/Aftermath/Content/Geometry/Cockpit_chair/cockpit_chair_Cube_002.uasset" 724
"E:/SAE-Quaranteam/Aftermath/Content/Geometry/Cockpit_chair/cockpit_chair_Plane.uasset" 725
"E:/SAE-Quaranteam/Aftermath/Content/Geometry/Cockpit_chair/cockpit_chair_Plane_001.uasset" 726
"E:/SAE-Quaranteam/Aftermath/Content/Geometry/Cockpit_chair/cockpit_chair_Plane_002.uasset" 727
"E:/SAE-Quaranteam/Aftermath/Content/Geometry/Cockpit_chair/cockpit_chair_Plane_003.uasset" 728
"E:/SAE-Quaranteam/Aftermath/Content/Geometry/Cockpit_chair/cockpit_chair_Plane_004.uasset" 729
"E:/SAE-Quaranteam/Aftermath/Content/Geometry/Cockpit_chair/cockpit_chair_Plane_005.uasset" 730
"E:/SAE-Quaranteam/Aftermath/Content/Geometry/Cockpit_chair/cockpit_chair_Point.uasset" 731
"E:/SAE-Quaranteam/Aftermath/Content/Geometry/Cockpit_chair/cockpit_chair_Point_001.uasset" 732
"E:/SAE-Quaranteam/Aftermath/Content/Geometry/Cockpit_chair/cockpit_chair_wTube.uasset" 733
"E:/SAE-Quaranteam/Aftermath/Content/Geometry/Desk/desk.uasset" 734
"E:/SAE-Quaranteam/Aftermath/Content/Geometry/Large_Monitor/AM_Large_Monitor.uasset" 735
"E:/SAE-Quaranteam/Aftermath/Content/Geometry/Map/map.uasset" 736
"E:/SAE-Quaranteam/Aftermath/Content/Geometry/Monitor/monitor_Circle.uasset" 737
"E:/SAE-Quaranteam/Aftermath/Content/Geometry/Monitor/monitor_Cube.uasset" 738
"E:/SAE-Quaranteam/Aftermath/Content/Geometry/Monitor/monitor_Cube_001.uasset" 739
"E:/SAE-Quaranteam/Aftermath/Content/Geometry/Monitor/monitor_Cube_002.uasset" 740
"E:/SAE-Quaranteam/Aftermath/Content/Geometry/Monitor/monitor_Plane.uasset" 741
"E:/SAE-Quaranteam/Aftermath/Content/Geometry/Monitor/monitor_Vert.uasset" 742
"E:/SAE-Quaranteam/Aftermath/Content/Geometry/Monitor/monitor_wBox.uasset" 743
"E:/SAE-Quaranteam/Aftermath/Content/Geometry/Monitor/monitor_wBox_003.uasset" 744
"E:/SAE-Quaranteam/Aftermath/Content/Geometry/Monitor/monitor_wBox_004.uasset" 745
"E:/SAE-Quaranteam/Aftermath/Content/Geometry/Monitor/monitor_wBox_005.uasset" 746
"E:/SAE-Quaranteam/Aftermath/Content/Geometry/Monitor/monitor_wTube_006.uasset" 747
"E:/SAE-Quaranteam/Aftermath/Content/Textures/cryo_chamber_m_cushion_BaseColor.uasset" 748
"E:/SAE-Quaranteam/Aftermath/Content/Textures/cryo_chamber_m_cushion_Metallic.uasset" 749
"E:/SAE-Quaranteam/Aftermath/Content/Textures/cryo_chamber_m_cushion_Normal.uasset" 750
"E:/SAE-Quaranteam/Aftermath/Content/Textures/cryo_chamber_m_cushion_Roughness.uasset" 751
"E:/SAE-Quaranteam/Aftermath/Content/Materials/mi_leather.uasset" 752
"E:/SAE-Quaranteam/Aftermath/Content/Geometry/Ship_Kit/cryo_chamber.uasset" 753
"E:/SAE-Quaranteam/Aftermath/Content/Geometry/Ship_Kit/cryo_chamber_open.uasset" 754
"E:/SAE-Quaranteam/Aftermath/Content/Textures/m_buttons_BaseColor.uasset" 755
"E:/SAE-Quaranteam/Aftermath/Content/Textures/m_buttons_Emissive.uasset" 756
"E:/SAE-Quaranteam/Aftermath/Content/Textures/m_buttons_Normal.uasset" 757
"E:/SAE-Quaranteam/Aftermath/Content/Textures/m_buttons_OcclusionRoughnessMetallic.uasset" 758
"E:/SAE-Quaranteam/Aftermath/Content/Materials/m_buttons_master.uasset" 759
"E:/SAE-Quaranteam/Aftermath/Content/Materials/mi_blank.uasset" 760
"E:/SAE-Quaranteam/Aftermath/Content/Geometry/Ship_Kit/kit_bridge_terminal.uasset" 761
"E:/SAE-Quaranteam/Aftermath/Content/Geometry/Ship_Kit/kit_doorway_large.uasset" 762
"../../../Engine/Content/EditorLandscapeResources/DefaultAlphaTexture.uasset" 763
"../../../Engine/Content/EditorLandscapeResources/AlphaBrushMaterial.uasset" 764
"E:/SAE-Quaranteam/Aftermath/Content/Geometry/Ship_Kit/kit_tile2x2.uasset" 765
"E:/SAE-Quaranteam/Aftermath/Content/Geometry/Ship_Kit/kit_tile3x3.uasset" 766
"E:/SAE-Quaranteam/Aftermath/Content/Geometry/Ship_Kit/kit_viewport.uasset" 767
"E:/SAE-Quaranteam/Aftermath/Content/Geometry/Ship_Kit/kit_wall_corner.uasset" 768
"E:/SAE-Quaranteam/Aftermath/Content/Geometry/Ship_Kit/kit_wall_corner_inv.uasset" 769
"E:/SAE-Quaranteam/Aftermath/Content/Geometry/Signs/sign.uasset" 770
"E:/SAE-Quaranteam/Aftermath/Content/Geometry/space_monster_animated_PhysicsAsset.uasset" 771
"E:/SAE-Quaranteam/Aftermath/Content/Geometry/space_monster_animated.uasset" 772
"E:/SAE-Quaranteam/Aftermath/Content/Levels/Main_Ship.umap" 773
"E:/SAE-Quaranteam/Aftermath/Content/StoryAdvTemplate/Maps/MenuScene_BuiltData.uasset" 774
"E:/SAE-Quaranteam/Aftermath/Content/StoryAdvTemplate/Materials/M_FloorMaterial.uasset" 775
"../../../Engine/Content/BasicShapes/Cube.uasset" 776
"E:/SAE-Quaranteam/Aftermath/Content/StoryAdvTemplate/Maps/MenuScene.umap" 777
"E:/SAE-Quaranteam/Aftermath/Content/StoryAdvTemplate/Blueprints/MasterBlueprints/Furniture/BP_Master_Drawer.uasset" 778
"E:/SAE-Quaranteam/Aftermath/Content/StoryAdvTemplate/Blueprints/Examples/Furniture/BP_DrawerExample.uasset" 779
"E:/SAE-Quaranteam/Aftermath/Content/StoryAdvTemplate/Blueprints/MasterBlueprints/Furniture/BP_Master_Drawer_DragInput.uasset" 780
"E:/SAE-Quaranteam/Aftermath/Content/StoryAdvTemplate/Blueprints/Examples/Furniture/BP_ExampleDrawer_DragInput.uasset" 781
"E:/SAE-Quaranteam/Aftermath/Content/StoryAdvTemplate/Blueprints/MasterBlueprints/Furniture/BP_Master_Cupboard.uasset" 782
"E:/SAE-Quaranteam/Aftermath/Content/StoryAdvTemplate/Blueprints/MasterBlueprints/Furniture/BP_Master_Cupboard_DragInput.uasset" 783
"E:/SAE-Quaranteam/Aftermath/Content/StoryAdvTemplate/Blueprints/MasterBlueprints/Doors/BP_Master_Door_DragInput.uasset" 784
"E:/SAE-Quaranteam/Aftermath/Content/StoryAdvTemplate/Sound/Waves/S_Creaking_Door_01.uasset" 785
"E:/SAE-Quaranteam/Aftermath/Content/StoryAdvTemplate/Sound/Cues/SC_Creaking_Door.uasset" 786
"E:/SAE-Quaranteam/Aftermath/Content/StoryAdvTemplate/Blueprints/Examples/Doors/BP_ExampleDoor_DragInput.uasset" 787
"E:/SAE-Quaranteam/Aftermath/Content/StoryAdvTemplate/Blueprints/MasterBlueprints/CollectibleObjects/BP_Master_CollectableFlashlight.uasset" 788
"E:/SAE-Quaranteam/Aftermath/Content/StoryAdvTemplate/Blueprints/Examples/Flashlight/BP_CollectableFlashlight_Example.uasset" 789
"E:/SAE-Quaranteam/Aftermath/Content/StoryAdvTemplate/Blueprints/MasterBlueprints/CollectibleObjects/BP_Master_CollectableFlashlight_Inspect.uasset" 790
"E:/SAE-Quaranteam/Aftermath/Content/StoryAdvTemplate/Blueprints/Examples/Flashlight/BP_CollectableFlashlight_Inspect_Example.uasset" 791
"E:/SAE-Quaranteam/Aftermath/Content/StoryAdvTemplate/Sound/Waves/S_CupboardDoor_01.uasset" 792
"E:/SAE-Quaranteam/Aftermath/Content/StoryAdvTemplate/Sound/Cues/SC_CupboardDoor.uasset" 793
"E:/SAE-Quaranteam/Aftermath/Content/StoryAdvTemplate/Blueprints/Examples/Furniture/BP_CupboardExample.uasset" 794
"E:/SAE-Quaranteam/Aftermath/Content/StoryAdvTemplate/Sound/Waves/S_CupboardDoorHit_01.uasset" 795
"E:/SAE-Quaranteam/Aftermath/Content/StoryAdvTemplate/Sound/Cues/SC_CupboardDoorHit.uasset" 796
"E:/SAE-Quaranteam/Aftermath/Content/StoryAdvTemplate/Blueprints/Examples/Furniture/BP_ExampleCupboard_DragInput.uasset" 797
"E:/SAE-Quaranteam/Aftermath/Content/StoryAdvTemplate/Materials/M_Key.uasset" 798
"E:/SAE-Quaranteam/Aftermath/Content/StoryAdvTemplate/Mesh/SM_Key.uasset" 799
"E:/SAE-Quaranteam/Aftermath/Content/StoryAdvTemplate/Blueprints/Examples/Inspection/BP_Inspect_Collect_Clue.uasset" 800
"E:/SAE-Quaranteam/Aftermath/Content/StoryAdvTemplate/Blueprints/MasterBlueprints/Letters/BP_Master_CollectableJournalEntry.uasset" 801
"E:/SAE-Quaranteam/Aftermath/Content/StoryAdvTemplate/Blueprints/Examples/Letters/BP_CollectableLetterExample.uasset" 802
"E:/SAE-Quaranteam/Aftermath/Content/StoryAdvTemplate/Blueprints/MasterBlueprints/Letters/BP_Master_ReadableLetter.uasset" 803
"E:/SAE-Quaranteam/Aftermath/Content/StoryAdvTemplate/Materials/M_Letter_Unlit.uasset" 804
"E:/SAE-Quaranteam/Aftermath/Content/StoryAdvTemplate/Blueprints/Examples/Letters/BP_ReadableLetter.uasset" 805
"E:/SAE-Quaranteam/Aftermath/Content/StoryAdvTemplate/Blueprints/MasterBlueprints/Letters/BP_Master_ReadableLetter_Font.uasset" 806
"E:/SAE-Quaranteam/Aftermath/Content/StoryAdvTemplate/Blueprints/Examples/Letters/BP_ReadableLetter_Font_Example.uasset" 807
"E:/SAE-Quaranteam/Aftermath/Content/StoryAdvTemplate/Blueprints/MasterBlueprints/Letters/BP_Master_ReadableLetter_HUD.uasset" 808
"E:/SAE-Quaranteam/Aftermath/Content/StoryAdvTemplate/Blueprints/Examples/Letters/BP_ReadableLetter_HUD.uasset" 809
"E:/SAE-Quaranteam/Aftermath/Content/StoryAdvTemplate/Blueprints/MasterBlueprints/Letters/BP_Master_JournalReadCollect.uasset" 810
"E:/SAE-Quaranteam/Aftermath/Content/StoryAdvTemplate/Blueprints/Examples/Letters/BP_ReadAndCollectJournalExample.uasset" 811
"E:/SAE-Quaranteam/Aftermath/Content/StoryAdvTemplate/Textures/T_InvIcon_Letter.uasset" 812
"E:/SAE-Quaranteam/Aftermath/Content/StoryAdvTemplate/Blueprints/MasterBlueprints/Letters/BP_Master_SimpleCollectableLetter.uasset" 813
"E:/SAE-Quaranteam/Aftermath/Content/StoryAdvTemplate/Blueprints/Examples/Letters/BP_Simple_InventoryLetterExample.uasset" 814
"E:/SAE-Quaranteam/Aftermath/Content/StoryAdvTemplate/Blueprints/MasterBlueprints/Letters/BP_Master_UIFontCollectableLetter.uasset" 815
"E:/SAE-Quaranteam/Aftermath/Content/StoryAdvTemplate/Blueprints/Examples/Letters/BP_UIFont_InventoryLetterExample.uasset" 816
"E:/SAE-Quaranteam/Aftermath/Content/StoryAdvTemplate/Blueprints/MasterBlueprints/CollectibleObjects/BP_Master_Key.uasset" 817
"E:/SAE-Quaranteam/Aftermath/Content/StoryAdvTemplate/Blueprints/Examples/Objects/BP_ExampleKey.uasset" 818
"E:/SAE-Quaranteam/Aftermath/Content/StoryAdvTemplate/Blueprints/Examples/Objects/BP_InspectMugWithKey.uasset" 819
"E:/SAE-Quaranteam/Aftermath/Content/StoryAdvTemplate/Blueprints/Examples/Objects/BP_InspectMugWithText.uasset" 820
"E:/SAE-Quaranteam/Aftermath/Content/StoryAdvTemplate/Blueprints/Examples/Objects/BP_InteractableLamp.uasset" 821
"E:/SAE-Quaranteam/Aftermath/Content/StoryAdvTemplate/Blueprints/Examples/Trigger/BP_Checkpoint.uasset" 822
"E:/SAE-Quaranteam/Aftermath/Content/StoryAdvTemplate/Blueprints/Examples/Trigger/BP_LevelStreamingTrigger.uasset" 823
"E:/SAE-Quaranteam/Aftermath/Content/StoryAdvTemplate/Blueprints/Examples/UseActions/BP_UseAction_Key.uasset" 824
"E:/SAE-Quaranteam/Aftermath/Content/StoryAdvTemplate/Mesh/SM_SquareLetter.uasset" 825
"E:/SAE-Quaranteam/Aftermath/Content/StoryAdvTemplate/DemoContent/Blueprints/BP_MarketplaceContentFlyer.uasset" 826
"E:/SAE-Quaranteam/Aftermath/Content/StoryAdvTemplate/DemoContent/Blueprints/BP_OpenMarketplace.uasset" 827
"../../../Engine/Content/Functions/Engine_MaterialFunctions01/Shading/ConvertFromDiffSpec.uasset" 828
"../../../Engine/Content/EngineDebugMaterials/ShadedLevelColorationLitMaterial.uasset" 829
"../../../Engine/Content/VREditor/Devices/Generic/GenericHMDMaterial.uasset" 830
"E:/SAE-Quaranteam/Aftermath/Content/StoryAdvTemplate/Mesh/SM_Button.uasset" 831
"E:/SAE-Quaranteam/Aftermath/Content/StoryAdvTemplate/DemoContent/Blueprints/BP_Outline_Switch.uasset" 832
"E:/SAE-Quaranteam/Aftermath/Content/StoryAdvTemplate/DemoContent/Blueprints/BP_PDF_Documentation.uasset" 833
"E:/SAE-Quaranteam/Aftermath/Content/StoryAdvTemplate/Maps/Showroom_BuiltData.uasset" 834
"E:/SAE-Quaranteam/Aftermath/Content/StoryAdvTemplate/DemoContent/Textures/T_WIST.uasset" 835
"E:/SAE-Quaranteam/Aftermath/Content/StoryAdvTemplate/DemoContent/Materials/M_DemoFlyer_1.uasset" 836
"E:/SAE-Quaranteam/Aftermath/Content/StoryAdvTemplate/DemoContent/Textures/T_InstantCamera.uasset" 837
"E:/SAE-Quaranteam/Aftermath/Content/StoryAdvTemplate/DemoContent/Materials/M_DemoFlyer_2.uasset" 838
"E:/SAE-Quaranteam/Aftermath/Content/StoryAdvTemplate/DemoContent/Textures/T_Lockpick.uasset" 839
"E:/SAE-Quaranteam/Aftermath/Content/StoryAdvTemplate/DemoContent/Materials/M_DemoFlyer_3.uasset" 840
"E:/SAE-Quaranteam/Aftermath/Content/StoryAdvTemplate/DemoContent/Materials/TutorialImages/DemoImage_Material_Master.uasset" 841
"E:/SAE-Quaranteam/Aftermath/Content/StoryAdvTemplate/DemoContent/Textures/TutorialImages/DI_InspectSetup.uasset" 842
"E:/SAE-Quaranteam/Aftermath/Content/StoryAdvTemplate/DemoContent/Materials/TutorialImages/DI_M_02.uasset" 843
"E:/SAE-Quaranteam/Aftermath/Content/StoryAdvTemplate/DemoContent/Textures/TutorialImages/DI_Interaction_Lamp.uasset" 844
"E:/SAE-Quaranteam/Aftermath/Content/StoryAdvTemplate/DemoContent/Materials/TutorialImages/DI_M_01.uasset" 845
"E:/SAE-Quaranteam/Aftermath/Content/StoryAdvTemplate/DemoContent/Textures/TutorialImages/DI_InspectSetupCollect.uasset" 846
"E:/SAE-Quaranteam/Aftermath/Content/StoryAdvTemplate/DemoContent/Materials/TutorialImages/DI_M_03.uasset" 847
"E:/SAE-Quaranteam/Aftermath/Content/StoryAdvTemplate/DemoContent/Textures/TutorialImages/DI_GraphBG.uasset" 848
"E:/SAE-Quaranteam/Aftermath/Content/StoryAdvTemplate/DemoContent/Materials/TutorialImages/DI_M_04.uasset" 849
"E:/SAE-Quaranteam/Aftermath/Content/StoryAdvTemplate/DemoContent/Textures/TutorialImages/DI_Letter3.uasset" 850
"E:/SAE-Quaranteam/Aftermath/Content/StoryAdvTemplate/DemoContent/Materials/TutorialImages/DI_M_05.uasset" 851
"E:/SAE-Quaranteam/Aftermath/Content/StoryAdvTemplate/DemoContent/Textures/TutorialImages/DI_Letter1.uasset" 852
"E:/SAE-Quaranteam/Aftermath/Content/StoryAdvTemplate/DemoContent/Materials/TutorialImages/DI_M_06.uasset" 853
"E:/SAE-Quaranteam/Aftermath/Content/StoryAdvTemplate/DemoContent/Textures/TutorialImages/DI_DoorSetup.uasset" 854
"E:/SAE-Quaranteam/Aftermath/Content/StoryAdvTemplate/DemoContent/Materials/TutorialImages/DI_M_07.uasset" 855
"E:/SAE-Quaranteam/Aftermath/Content/StoryAdvTemplate/DemoContent/Textures/TutorialImages/DI_Key1.uasset" 856
"E:/SAE-Quaranteam/Aftermath/Content/StoryAdvTemplate/DemoContent/Materials/TutorialImages/DI_M_08.uasset" 857
"E:/SAE-Quaranteam/Aftermath/Content/StoryAdvTemplate/DemoContent/Textures/TutorialImages/DI_InventoryKey.uasset" 858
"E:/SAE-Quaranteam/Aftermath/Content/StoryAdvTemplate/DemoContent/Materials/TutorialImages/DI_M_09.uasset" 859
"E:/SAE-Quaranteam/Aftermath/Content/StoryAdvTemplate/DemoContent/Textures/TutorialImages/DI_Drawer1.uasset" 860
"E:/SAE-Quaranteam/Aftermath/Content/StoryAdvTemplate/DemoContent/Materials/TutorialImages/DI_M_10.uasset" 861
"E:/SAE-Quaranteam/Aftermath/Content/StoryAdvTemplate/DemoContent/Textures/TutorialImages/DI_Cupboard1.uasset" 862
"E:/SAE-Quaranteam/Aftermath/Content/StoryAdvTemplate/DemoContent/Materials/TutorialImages/DI_M_11.uasset" 863
"E:/SAE-Quaranteam/Aftermath/Content/StoryAdvTemplate/DemoContent/Textures/TutorialImages/DI_Drawer2.uasset" 864
"E:/SAE-Quaranteam/Aftermath/Content/StoryAdvTemplate/DemoContent/Materials/TutorialImages/DI_M_12.uasset" 865
"E:/SAE-Quaranteam/Aftermath/Content/StoryAdvTemplate/DemoContent/Textures/TutorialImages/DI_Cupboard2.uasset" 866
"E:/SAE-Quaranteam/Aftermath/Content/StoryAdvTemplate/DemoContent/Materials/TutorialImages/DI_M_13.uasset" 867
"E:/SAE-Quaranteam/Aftermath/Content/StoryAdvTemplate/DemoContent/Textures/TutorialImages/DI_JournalSetup.uasset" 868
"E:/SAE-Quaranteam/Aftermath/Content/StoryAdvTemplate/DemoContent/Materials/TutorialImages/DI_M_14.uasset" 869
"E:/SAE-Quaranteam/Aftermath/Content/StoryAdvTemplate/DemoContent/Textures/TutorialImages/DI_LetterSetup.uasset" 870
"E:/SAE-Quaranteam/Aftermath/Content/StoryAdvTemplate/DemoContent/Materials/TutorialImages/DI_M_15.uasset" 871
"E:/SAE-Quaranteam/Aftermath/Content/StoryAdvTemplate/DemoContent/Textures/TutorialImages/DI_LetterSetup2.uasset" 872
"E:/SAE-Quaranteam/Aftermath/Content/StoryAdvTemplate/DemoContent/Materials/TutorialImages/DI_M_16.uasset" 873
"E:/SAE-Quaranteam/Aftermath/Content/StoryAdvTemplate/DemoContent/Textures/TutorialImages/DI_ClueSetup.uasset" 874
"E:/SAE-Quaranteam/Aftermath/Content/StoryAdvTemplate/DemoContent/Materials/TutorialImages/DI_M_17.uasset" 875
"E:/SAE-Quaranteam/Aftermath/Content/StoryAdvTemplate/DemoContent/Textures/TutorialImages/DI_ClueSetup2.uasset" 876
"E:/SAE-Quaranteam/Aftermath/Content/StoryAdvTemplate/DemoContent/Materials/TutorialImages/DI_M_18.uasset" 877
"../../../Engine/Content/Functions/Engine_MaterialFunctions02/Utility/MakeFloat4.uasset" 878
"E:/SAE-Quaranteam/Aftermath/Content/StoryAdvTemplate/Materials/PostProcessing/PP_ObjectOutline_Master.uasset" 879
"E:/SAE-Quaranteam/Aftermath/Content/StoryAdvTemplate/Materials/PostProcessing/PP_ObjectOutline.uasset" 880
"../../../Engine/Content/MapTemplates/SM_Template_Map_Floor.uasset" 881
"E:/SAE-Quaranteam/Aftermath/Content/StoryAdvTemplate/DemoContent/Sound/Waves/S_VO_KeyInMug.uasset" 882
"E:/SAE-Quaranteam/Aftermath/Content/StoryAdvTemplate/DemoContent/Sound/Cues/SC_VO_KeyInMug.uasset" 883
"E:/SAE-Quaranteam/Aftermath/Content/StoryAdvTemplate/Mesh/SM_Cube.uasset" 884
"E:/SAE-Quaranteam/Aftermath/Content/StoryAdvTemplate/Textures/T_InvIcon_Cube.uasset" 885
"E:/SAE-Quaranteam/Aftermath/Content/StoryAdvTemplate/Textures/T_InvIcon_key.uasset" 886
"E:/SAE-Quaranteam/Aftermath/Content/StoryAdvTemplate/Textures/T_InvIcon_Lamp.uasset" 887
"E:/SAE-Quaranteam/Aftermath/Content/StoryAdvTemplate/Textures/T_InvIcon_Mug.uasset" 888
"E:/SAE-Quaranteam/Aftermath/Content/StoryAdvTemplate/Maps/Showroom.umap" 889
"E:/SAE-Quaranteam/Aftermath/Content/StoryAdvTemplate/Maps/Sublevels/Example_Sublevel_A_BuiltData.uasset" 890
"E:/SAE-Quaranteam/Aftermath/Content/StoryAdvTemplate/Maps/Sublevels/Example_Sublevel_A.umap" 891
"E:/SAE-Quaranteam/Aftermath/Content/StoryAdvTemplate/Maps/Sublevels/Example_Sublevel_B_BuiltData.uasset" 892
"E:/SAE-Quaranteam/Aftermath/Content/StoryAdvTemplate/Maps/Sublevels/Example_Sublevel_B.umap" 893
"E:/SAE-Quaranteam/Aftermath/Content/StoryAdvTemplate/Maps/Sublevels/Example_Sublevel_C_BuiltData.uasset" 894
"E:/SAE-Quaranteam/Aftermath/Content/StoryAdvTemplate/Maps/Sublevels/Example_Sublevel_C.umap" 895
"../../../Engine/Content/Maps/Entry_BuiltData.uasset" 896
"../../../Engine/Content/Maps/Entry.umap" 897
